[    0.000000] Initializing cgroup subsys cpuset
[    0.000000] Initializing cgroup subsys cpu
[    0.000000] Initializing cgroup subsys cpuacct
[    0.000000] Linux version 4.4.0-62-generic (buildd@lcy01-30) (gcc version 5.4.0 20160609 (Ubuntu 5.4.0-6ubuntu1~16.04.4) ) #83-Ubuntu SMP Wed Jan 18 14:10:15 UTC 2017 (Ubuntu 4.4.0-62.83-generic 4.4.40)
[    0.000000] Command line: BOOT_IMAGE=/boot/vmlinuz-4.4.0-62-generic root=LABEL=cloudimg-rootfs ro console=tty1 console=ttyS0
[    0.000000] KERNEL supported cpus:
[    0.000000]   Intel GenuineIntel
[    0.000000]   AMD AuthenticAMD
[    0.000000]   Centaur CentaurHauls
[    0.000000] x86/fpu: xstate_offset[2]:  576, xstate_sizes[2]:  256
[    0.000000] x86/fpu: Supporting XSAVE feature 0x01: 'x87 floating point registers'
[    0.000000] x86/fpu: Supporting XSAVE feature 0x02: 'SSE registers'
[    0.000000] x86/fpu: Supporting XSAVE feature 0x04: 'AVX registers'
[    0.000000] x86/fpu: Enabled xstate features 0x7, context size is 832 bytes, using 'standard' format.
[    0.000000] x86/fpu: Using 'lazy' FPU context switches.
[    0.000000] e820: BIOS-provided physical RAM map:
[    0.000000] BIOS-e820: [mem 0x0000000000000000-0x000000000009fbff] usable
[    0.000000] BIOS-e820: [mem 0x000000000009fc00-0x000000000009ffff] reserved
[    0.000000] BIOS-e820: [mem 0x00000000000f0000-0000000000000fffff] reserved
[    0.000000] BIOS-e820: [mem 0x0000000000100000-0x000000000ffeffff] usable
[    0.000000] BIOS-e820: [mem 0x000000000fff0000-0x000000000fffffff] ACPI data
[    0.000000] BIOS-e820: [mem 0x00000000fec00000-0x00000000fec00fff] reserved
[    0.000000] BIOS-e820: [mem 0x00000000fee00000-0x00000000fee00fff] reserved
[    0.000000] BIOS-e820: [mem 0x00000000fffc0000-0x00000000ffffffff] reserved
[    0.000000] NX (Execute Disable) protection: active
[    0.000000] SMBIOS 2.5 present.
[    0.000000] Hypervisor detected: KVM
[    0.000000] e820: last_pfn = 0xfff0 max_arch_pfn = 0x400000000
[    0.000000] MTRR: Disabled
[    0.000000] x86/PAT: MTRRs disabled, skipping PAT initialization too.
[    0.000000] x86/PAT: Configuration [0-7]: WB  WT  UC- UC  WB  WT  UC- UC  
[    0.000000] CPU MTRRs all blank - virtualized system.
[    0.000000] found SMP MP-table at [mem 0x0009fff0-0x0009ffff] mapped at [ffff88000009fff0]
[    0.000000] Scanning 1 areas for low memory corruption
[    0.000000] RAMDISK: [mem 0x0ed55000-0x0f791fff]
[    0.000000] ACPI: Early table checksum verification disabled
[    0.000000] ACPI: RSDP 0x00000000000E0000 000024 (v02 VBOX  )
[    0.000000] ACPI: XSDT 0x000000000FFF0030 00003C (v01 VBOX   VBOXXSDT 00000001 ASL  00000061)
[    0.000000] ACPI: FACP 0x000000000FFF00F0 0000F4 (v04 VBOX   VBOXFACP 00000001 ASL  00000061)
[    0.000000] ACPI: DSDT 0x000000000FFF0470 0021FF (v02 VBOX   VBOXBIOS 00000002 INTL 20100528)
[    0.000000] ACPI: FACS 0x000000000FFF0200 000040
[    0.000000] ACPI: FACS 0x000000000FFF0200 000040
[    0.000000] ACPI: APIC 0x000000000FFF0240 000054 (v02 VBOX   VBOXAPIC 00000001 ASL  00000061)
[    0.000000] ACPI: SSDT 0x000000000FFF02A0 0001CC (v01 VBOX   VBOXCPUT 00000002 INTL 20100528)
[    0.000000] No NUMA configuration found
[    0.000000] Faking a node at [mem 0x0000000000000000-0x000000000ffeffff]
[    0.000000] NODE_DATA(0) allocated [mem 0x0ffeb000-0x0ffeffff]
[    0.000000] kvm-clock: Using msrs 4b564d01 and 4b564d00
[    0.000000] kvm-clock: cpu 0, msr 0:ffe3001, primary cpu clock
[    0.000000] kvm-clock: using sched offset of 3435130265 cycles
[    0.000000] clocksource: kvm-clock: mask: 0xffffffffffffffff max_cycles: 0x1cd42e4dffb, max_idle_ns: 881590591483 ns
[    0.000000] Zone ranges:
[    0.000000]   DMA      [mem 0x0000000000001000-0x0000000000ffffff]
[    0.000000]   DMA32    [mem 0x0000000001000000-0x000000000ffeffff]
[    0.000000]   Normal   empty
[    0.000000]   Device   empty
[    0.000000] Movable zone start for each node
[    0.000000] Early memory node ranges
[    0.000000]   node   0: [mem 0x0000000000001000-0x000000000009efff]
[    0.000000]   node   0: mmem 0x0000000000100000-0x000000000ffeffff]
[    0.000000] Initmem setup node 0 [mem 0x0000000000001000-0x000000000ffeffff]
[    0.000000] ACPI: PM-Timer IO Port: 0x4008
[    0.000000] IOAPIC[0]: aiic_id 1, version 32, address 0xfec00000, GSI 0-23
[    0.000000] ACPI: INT_SRC_OVR (bus 0 bus_irq 0 global_irq 2 dfl dfl)
[    0.000000] ACPI: INT_SRC_OVR (bus 0 bus_irq 9 global_irq 9 high level)
[    0.000000] Using ACPI (MADT) for SMP configuration information
[    0.000000] smpboot: Allowing 1 CPUs, 0 hotplug CPUs
[    0.000000] PM: Registered nosave memory: [mem 0x00000000-0x00000fff]
[    0.000000] PM: Registered nosave memory: [mem 0x0009f000-0x0009ffff]
[    0.000000] PM: Registered nosave memory: [mem 0x000a0000-0x000effff]
[    0.000000] PM: Registered nosave memory: [mem 0x000f0000-0x000fffff]
[    0.000000] e820: [mem 0x10000000-0xfebfffff] available for PCI devices
[    0.000000] Booting paravirtualized kernel on KVM
[    0.000000] clocksource: refined-jiffies: mask: 0xffffffff max_cycles: 0xffffffff, max_idle_ns: 7645519600211568 ns
[    0.000000] setup_percpu: NR_CPUS:512 nr_cpumask_bits:512 nr_cpu_ids:1 nr_node_ids:1
[    0.000000] PERCPU: Embedded 33 pages/cpu @ffff88000fc00000 s98264 r8192 d28712 u2097152
[    0.000000] PV qspinlock hash table entries: 256 (order: 0, 4096 bytes)
[    0.000000] Built 1 zonelists in Node order, mobility grouping on.  Total pages: 64377
[    0.000000] Policy zone: DMA32
[    0.000000] Kernel command line: BOOT_IMAGE=/boot/vmlinuz-4.4.0-62-generic root=LABEL=cloudimg-rootfs ro console=tty1 console=ttyS0
[    0.000000] PID hash table entries: 1024 (order: 1, 8192 bytes)
[    0.000000] Memory: 228108K/261688K available (8436K kernel code, 1291K rwdata, 3960K rodata, 1488K init, 1316K bss, 33580K reserved, 0K cma-reserved)
[    0.000000] SLUB: HWalign=64, Order=0-3, MinObjects=0, CPUs=1, Nodes=1
[    0.000000] Hierarchical RCU implementation.
[    0.000000] 	Build-time adjustment of leaf fanout to 64.
[    0.000000] 	RCU restricting CPUs from NR_CPUS=512 to nr_cpu_ids=1.
[    0.000000] RCU: Adjusting geometry for rcu_fanout_leaf=64, nr_cpu_ids=1
[    0.000000] NR_IRQS:33024 nr_irqs:256 16
[    0.000000] Console: colour VGA+ 80x25
[    0.000000] console [tty1] enabled
[    0.000000] console [ttyS0] enabled
[    0.000000] tsc: Detected 2691.236 MHz processor
[    0.375608] Calibrating delay loop (skipped) preset value.. 5382.47 BogoMIPS (lpj=10764944)
[    0.385398] pid_max: default: 32768 minimum: 301
[    0.386305] ACPI: Core revision 20150930
[    0.388040] ACPI: 2 ACPI AML tables successfully acquired and loaded
[    0.423215] Security Framework initialized
[    0.424065] Yama: becoming mindful.
[    0.432788] AppArmor: AppArmor initialized
[    0.433680] Dentry cache hash table entries: 32768 (order: 6, 262144 bytes)
[    0.434973] Inode-cache hash table entries: 16384 (order: 5, 131072 bytes)
[    0.436304] Mount-cache hash table entries: 512 (order: 0, 4096 bytes)
[    0.445162] Mountpoint-cache hash table entries: 512 (order: 0, 4096 bytes)
[    0.446556] Initializing cgroup subsys io
[    0.447431] Initializing cgroup subsys memrry
[    0.462304] Initializing cgroup subsys devices
[    0.468796] Initializing cgroup subsys freezer
[    0.469665] Initializing cgroup subsys net_cls
[    0.470535] Initializing cgroup subsys perf_event
[    0.471485] Initializing cgroup subsys net_prio
[    0.480548] Initializing cgroup subsys hugetlb
[    0.481435] Initializing cgroup subsys pids
[    0.482363] CPU: Physical Processor ID: 0
[    0.483496] mce: CPU supports 0 MC  banks
[    0.502406] process: using mwait in idle threads
[    0.503371] Last level iTLB entries: 4KB 512, 2MB 8, 4MB 8
[    0.512484] Last level dTLB entries: 4KB 512, 2MB 32, 4MB 32, 1GB 0
[    0.533635] Freeing SMP alternatives memory: 32K (ffffffff820b8000 - ffffffff820c0000)
[    0.551149] ftrace: allocating 32065 entries in 126 pages
[    0.615734] smpboot: APIC(0) Converting physical 0 to logical package 0
[    0.636514] smpboot: Max logical packages: 1
[    0.637925] x2apic enabled
[    0.640173] Switched APIC routing to physical x2apic.
[    0.644379] ..TIMER: vector=0x30 apic1=0 pin1=2 apic2=-1 pin2=-1
[    0.767256] smpboot: CPU0: Intel(R) Core(TM) i7-3740QM CPU @ 2.70GHz (family: 0x6, model: 0x3a, stepping: 0x9)
[    0.794476] Performance Events: unsupported p6 CPU model 58 no PMU driver, software events only.
[    0.802109] KVM setup paravirtual spinlock
[    0.803953] x86: Booted up 1 node, 1 CPUs
[    0.810267] smpboot: Total of 1 processors activated (5382.47 BogoMIPS)
[    0.812155] devtmpfs: initialized
[    0.818657] evm: security.selinux
[    0.822829] evm: security.SMACK64
[    0.823734] evm: security.SMACK64EXEC
[    0.848427] evm: security.SMACK64TRANSMUTE
[    0.849445] evm: security.SMACK64MMAP
[    0.850378] evm: security.ima
[    0.851209] evm: security.capability
[    0.852392] clocksource: jiffies: mask: 0xffffffff max_cycles: 0xffffffff, max_idle_ns: 7645041785100000 ns
[    0.859154] pinctrl core: initialized pinctrl subsystem
[    0.862589] RTC time:  9:15:59, date: 09/27/17
[    0.863869] NET: Registered protocol family 16
[    0.871430] cpuidle: using governor ladder
[    0.882102] cpuidle: using governor menu
[    0.883105] PCCT header not found.
[    0.884144] ACPI: bus type PCI registered
[    0.902185] acpiphp: ACPI Hot Plug PCI Controller Driver version: 0.5
[    0.903821] PCI: Using configuration type 1 for base access
[    0.911873] ACPI: Added _OSI(Module Device)
[    0.924966] ACPI: Added _OSI(Processor Device)
[    0.926046] ACPI: Added _OSI(3.0 _SCP Extensions)
[    0.927195] ACPI: Added _OSI(Processor Aggregator Device)
[    0.933135] ACPI: Executed 1 blocks of module-level executable AML code
[    0.939588] ACPI: Interpreter enabled
[    0.958842] ACPI: (supports S0 S5)
[    0.959580] ACPI: Using IOAPIC for interrupt routing
[    0.971647] PCI: Using host bridge windows from ACPI; if necessary, use "pci=nocrs" and report a bug
[    0.981385] ACPI: PCI Root Bridge [PCI0] (domain 0000 [bus 00-ff])
[    0.997045] acpi PNP0A03:00: _OSC: OS supports [ASPM ClockPM Segments MSI]
[    0.998263] acpi PNP0A03:00: _OSC: not requesting OS control; OS requires [ExtendedConfig ASPM ClockPM MSI]
[    1.000084] acpi PNP0A03:00: fail to add MMCONFIG information, can't access extended PCI configuration space under this bridge.
[    1.004144] PCI host bridge to bus 0000:00
[    1.019319] pci_bus 0000:00: root bus resource [io  0x0000-0x0cf7 window]
[    1.022468] pci_bus 0000:00: root bus resource [io  0x0d00-0xffff window]
[    1.023676] pci_bus 0000:00: root bus resource [mem 0x000a0000-0x000bffff window]
[    1.038853] pci_bus 0000:00: root bus resource [mem 0x10000000-0xffdfffff window]
[    1.040359] pci_bus 0000:00: root bus resource [bus 00-ff]
[    1.044231] pci 0000:00:01.1: legacy IDE quirk: reg 0x10: [io  0x01f0-0x01f7]
[    1.080798] pci 0000:00:01.1: legacy IDE quirk: reg 0x14: [io  0x03f6]
[    1.081971] pci 0000:00:01.1: legacy IDE quirk: reg 0x18: [io  0x0170-0x0177]
[    1.083207] pci 0000:00:01.1: legacy IDE quirk: reg 0x1c: [io  0x0376]
[    1.106098] pci 0000:00:07.0: quirk: [io  0x4000-0x403f] claimed by PIIX4 ACPI
[    1.123411] pci 0000:00:07.0: quirk: [io  0x4100-0x410f] claimed by PIIX4 SMB
[    1.133313] ACPI: PCI Interrupt Link [LNKA] (IRQs 5 9 10 *11)
[    1.143565] ACPI: PCI Interrupt Link [LNKB] (IRQs 5 9 10 *11)
[    1.169908] ACPI: PCI Interrupt Link [LNKC] (IRQs 5 9 *10 11)
[    1.183932] ACPI: PCI Interrupt Link [LNKD] (IRQs 5 *9 10 11)
[    1.186308] ACPI: Enabled 2 GPEs in block 00 to 07
[    1.188208] vgaarb: setting as boot device: PCI:0000:00:02.0
[    1.189723] vgaarb: device added: PCI:0000:00:02.0,decodes=io+mem,owns=io+mem,locks=none
[    1.192034] vgaarb: loaded
[    1.192941] vgaarb: bridge control possible 0000:00:02.0
[    1.194773] SCSI subsystem initialized
[    1.196075] ACPI: bus type USB registered
[    1.197288] usbcore: registered new interface driver usbfs
[    1.198777] usbcore: registered new interface driver hub
[    1.200309] usbcore: registered new device driver usb
[    1.201974] PCI: Using ACPI for IRQ routing
[    1.203538] NetLabel: Initializing
[    1.204568] NetLabel:  domain hash size = 128
[    1.205767] NetLabel:  protocols = UNLABELED CIPSOv4
[    1.207118] NetLabel:  unlabeled traffic allowed by default
[    1.208897] amd_nb: Cannot enumerate AMD northbridges
[    1.210275] clocksource: Switched to clocksource kvm-clock
[    1.220286] AppArmor: AppArmor Filesystem Enabled
[    1.221764] pnp: PnP ACPI init
[    1.223642] pnp: PnP ACPI: found 3 devices
[    1.231289] clocksource: acpi_pm: mask: 0xffffff max_cycles: 0xffffff, max_idle_ns: 2085701024 ns
[    1.233891] NET: Registered protocol family 2
[    1.235390] TCP established hash table entries: 2048 (order: 2, 16384 bytes)
[    1.237375] TCP bind hash table entries: 2048 (order: 3, 32768 bytes)
[    1.239121] TCP: Hash tables configured (established 2048 bind 2048)
[    1.240837] UDP hash table entries: 256 (order: 1, 8192 bytes)
[    1.242379] UDP-Lite hash table entries: 256 (order: 1, 8192 bytes)
[    1.244156] NET: Registered protocol family 1
[    1.245410] pci 0000:00:00.0: Limiting direct PCI/PCI transfers
[    1.247005] pci 0000:00:01.0: Activating ISA DMA hang workarounds
[    1.249453] Trying to unpack rootfs image as initramfs...
[    3.330614] Freeing initrd memory: 10484K (ffff88000ed55000 - ffff88000f792000)
[    3.343557] RAPL PMU detected, API unit is 2^-32 Joules, 3 fixed counters 10737418240 ms ovfl timer
[    3.349674] hw unit of domain pp0-core 2^-0 Joules
[    3.350570] hw unit of domain package 2^-0 Joules
[    3.351479] hw unit of domain pp1-gpu 2^-0 Joules
[    3.362521] platform rtc_cmos: registered platform RTC device (no PNP device found)
[    3.372902] Scanning for low memory corruption every 60 seconds
[    3.374311] futex hash table entries: 256 (order: 2, 16384 bytes)
[    3.375460] audit: initializing netlink subsys (disabled)
[    3.396591] audit: type=2000 audit(1506503766.006:1): initialized
[    3.398004] Initialise system trusted keyring
[    3.399016] HugeTLB registered 2 MB page size, pre-allocated 0 pages
[    3.401278] zbud: loaded
[    3.422751] VFS: Disk quotas dquot_6.6.0
[    3.423567] VFS: Dquot-cache hash table entries: 512 (order 0, 4096 bytes)
[    3.429116] squashfs: version 4.0 (2009/01/31) Phillip Lougher
[    3.432451] fuse init (API version 7.23)
[    3.445027] Key type big_key registered
[    3.445845] Allocating IMA MOK and blacklist keyrings.
[    3.447114] Key type asymmetric registered
[    3.468719] Asymmetric key parser 'x509' registered
[    3.469548] Block layer SCSI generic (bsg) driver version 0.4 loaded (major 249)
[    3.472166] io scheduler noop registered
[    3.482637] io scheduler deadline registered (default)
[    3.483503] io scheduler cfq registered
[    3.484284] pci_hotplug: PCI Hot Plug PCI Core version: 0.5
[    3.506405] pciehp: PCI Express Hot Plug Controller Driver version: 0.4
[    3.508319] ACPI: AC Adapter [AC] (on-line)
[    3.509602] input: Power Button as /devices/LNXSYSTM:00/LNXPWRBN:00/input/input0
[    3.511742] ACPI: Power Button [PWRF]
[    3.512939] input: Sleep Button as /devices/LNXSYSTM:00/LNXSLPBN:00/input/input1
[    3.515059] ACPI: Sleep Button [SLPF]
[    3.517224] ACPI: Battery Slot [BAT0] (battery present)
[    3.518721] GHES: HEST is not enabled!
[    3.520147] Serial: 8250/16550 driver, 32 ports, IRQ sharing enabled
[    3.543925] 00:02: ttyS0 at I/O 0x3f8 (irq = 4, base_baud = 115200) is a 16550A
[    3.548557] Linux agpgart interface v0.103
[    3.552475] brd: module loaded
[    3.554576] loop: module loaded
[    3.557209] scsi host0: ata_piix
[    3.558294] scsi host1: ata_piix
[    3.559375] ata1: PATA max UDMA/33 cmd 0x1f0 ctl 0x3f6 bmdma 0xd000 irq 14
[    3.561194] ata2: PATA max UDMA/33 cmd 0x170 ctl 0x376 bmdma 0xd008 irq 15
[    3.563673] libphy: Fixed MDIO Bus: probed
[    3.564890] tun: Universal TUN/TAP device driver, 1.6
[    3.566519] tun: (C) 1999-2004 Max Krasnyansky <maxk@qualcomm.com>
[    3.568295] PPP generic driver version 2.4.2
[    3.569639] ehci_hcd: USB 2.0 'Enhanced' Host Controller (EHCI) Driver
[    3.571375] ehci-pci: EHCI PCI platform driver
[    3.572666] ehci-platform: EHCI generic platform driver
[    3.574067] ohci_hcd: USB 1.1 'Open' Host Controller (OHCI) Driver
[    3.576025] ohci-pci: OHCI PCI platform driver
[    3.577306] ohci-platform: OHCI generic platform driver
[    3.578708] uhci_hcd: USB Universal Host Controller Interface driver
[    3.580552] i8042: PNP: PS/2 Controller [PNP0303:PS2K,PNP0f03:PS2M] at 0x60,0x64 irq 1,12
[    3.583378] serio: i8042 KBD port at 0x60,0x64 irq 1
[    3.584784] serio: i8042 AUX port at 0x60,0x64 irq 12
[    3.586665] mousedev: PS/2 mouse device common for all mice
[    3.588640] input: AT Translated Set 2 keyboard as /devices/platform/i8042/serio0/input/input2
[    3.591469] rtc_cmos rtc_cmos: rtc core: registered rtc_cmos as rtc0
[    3.593193] rtc_cmos rtc_cmos: alarms up to one day, 114 bytes nvram
[    3.594876] i2c /dev entries driver
[    3.596004] device-mapper: uevent: version 1.0.3
[    3.597661] device-mapper: ioctl: 4.34.0-ioctl (2015-10-28) initialised: dm-devel@redhat.com
[    3.600052] ledtrig-cpu: registered to indicate activity on CPUs
[    3.602080] NET: Registered protocol family 10
[    3.603615] NET: Registered protocol family 17
[    3.604890] Key type dns_resolver registered
[    3.613182] microcode: CPU0 sig=0x306a9, pf=0x2, revision=0x19
[    3.625075] microcode: Microcode Update Driver: v2.01 <tigran@aivazian.fsnet.co.uk>, Peter Oruba
[    3.627753] registered taskstats version 1
[    3.628997] Loading compiled-in X.509 certificates
[    3.631438] Loaded X.509 cert 'Build time autogenerated kernel key: a630254739635d6fdc487c9f0afa5d9a0ff04f04'
[    3.634138] zswap: loaded using pool lzo/zbud
[    3.637901] Key type trusted registered
[    3.643393] Key type encrypted registered
[    3.644663] AppArmor: AppArmor sha1 policy hashing enabled
[    3.646106] ima: No TPM chip found, activating TPM-bypass!
[    3.647796] evm: HMAC attrs: 0x1
[    3.649184]   Magic number: 1:720:273
[    3.650296] tty tty10: hash matches
[    3.651380] net lo: hash matches
[    3.652488] rtc_cmos rtc_cmos: setting system clock to 2017-09-27 09:16:02 UTC (1506503762)
[    3.654880] BIOS EDD facility v0.16 2004-Jun-25, 0 devices found
[    3.656520] EDD information not available.
[    3.719978] Freeing unused kernel memory: 1488K (ffffffff81f44000 - ffffffff820b8000)
[    3.722226] Write protecting the kernel read-only data: 14336k
[    3.724496] Freeing unused kernel memory: 1792K (ffff880001840000 - ffff880001a00000)
[    3.727255] Freeing unused kernel memory: 136K (ffff880001dde000 - ffff880001e00000)
Loading, please [    3.743544] random: udevadm: uninitialized urandom read (16 bytes read, 2 bits of entropy available)
wait...
starting version 229
[    3.771332] random: systemd-udevd: uninitialized urandom read (16 bytes read, 2 bits of entropy available)
[    3.779212] random: systemd-udevd: uninitialized urandom read (16 bytes read, 2 bits of entropy available)
[    3.781216] random: systemd-udevd: uninitialized urandom read (16 bytes read, 2 bits of entropy available)
[    3.783306] random: systemd-udevd: uninitialized urandom read (16 bytes read, 2 bits of entropy available)
[    3.791044] random: udevadm: uninitialized urandom read (16 bytes read, 2 bits of entropy available)
[    3.804223] random: udevadm: uninitialized urandom read (16 bytes read, 2 bits of entropy available)
[    3.810267] random: udevadm: uninitialized urandom read (16 bytes read, 2 bits of entropy available)
[    3.812374] random: udevadm: uninitialized urandom read (16 bytes read, 2 bits of entropy available)
[    3.818087] random: udevadm: uninitialized urandom read (16 bytes read, 2 bits of entropy available)
[    3.880085] e1000: Intel(R) PRO/1000 Network Driver - version 7.3.21-k8-NAPI
[    3.893321] e1000: Copyright (c) 1999-2006 Intel Corporation.
[    3.898861] Fusion MPT base driver 3.04.20
[    3.922915] Copyright (c) 1999-2008 LSI Corporation
[    3.985395] AVX version of gcm_enc/dec engaged.
[    4.016697] AES CTR mode by8 optimization enabled
[    4.153602] input: ImExPS/2 Generic Explorer Mouse as /devices/platform/i8042/serio1/input/input4
[    4.181471] Fusion MPT SPI Host driver 3.04.20
[    4.363338] tsc: Refined TSC clocksource calibration: 2691.189 MHz
[    4.381206] clocksource: tsc: mask: 0xffffffffffffffff max_cycles: 0x26cabac4826, max_idle_ns: 440795213577 ns
[    4.563981] e1000 0000:00:03.0 eth0: (PCI:33MHz:32-bit) 02:f2:f2:0c:4e:d5
[    4.573273] e1000 0000:00:03.0 eth0: Intel(R) PRO/1000 Network Connection
[    4.575456] mptbase: ioc0: Initiating bringup
[    4.642561] ioc0: LSI53C1030 A0: Capabilities={Initiator}
[    4.815749] scsi host2: ioc0: LSI53C1030 A0, FwRev=00000000h, Ports=1, MaxQ=256, IRQ=20
[    4.936184] scsi 2:0:0:0: Direct-Access     VBOX     HARDDISK         1.0  PQ: 0 ANSI: 5
[    4.938489] scsi target2:0:0: Beginning Domain Validation
[    4.953051] scsi target2:0:0: Domain Validation skipping write tests
[    4.954710] scsi target2:0:0: Ending Domain Validation
[    4.956279] scsi target2:0:0: asynchronous
[    4.957908] scsi 2:0:1:0: Direct-Access     VBOX     HARDDISK         1.0  PQ: 0 ANSI: 5
[    4.960199] scsi target2:0:1: Beginning Domain Validation
[    4.966981] scsi target2:0:1: Domain Validation skipping write tests
[    4.968681] scsi target2:0:1: Ending Domain Validation
[    4.970122] scsi target2:0:1: asynchronous
[    5.049520] sd 2:0:0:0: [sda] 20971520 512-byte logical blocks: (10.7 GB/10.0 GiB)
[    5.051811] sd 2:0:0:0: Attached scsi generic sg0 type 0
[    5.053674] sd 2:0:1:0: [sdb] 20480 512-byte logical blocks: (10.5 MB/10.0 MiB)
[    5.055935] sd 2:0:1:0: Attached scsi generic sg1 type 0
[    5.057609] sd 2:0:1:0: [sdb] Write Protect is off
[    5.059120] sd 2:0:0:0: [sda] Write Protect is off
[    5.060551] sd 2:0:0:0: [sda] Incomplete mode parameter data
[    5.062033] sd 2:0:0:0: [sda] Assuming drive cache: write through
[    5.063865] sd 2:0:1:0: [sdb] Incomplete mode parameter data
[    5.065373] sd 2:0:1:0: [sdb] Assuming drive cache: write through
[    5.092142]  sda: sda1
[    5.093787] sd 2:0:0:0: [sda] Attached SCSI disk
[    5.114067] sd 2:0:1:0: [sdb] Attached SCSI disk
[    5.364001] e1000 0000:00:08.0 eth1: (PCI:33MHz:32-bit) 08:00:27:38:5d:45
[    5.365778] e1000 0000:00:08.0 eth1: Intel(R) PRO/1000 Network Connection
[    5.368843] e1000 0000:00:08.0 enp0s8: renamed from eth1
[    5.372444] e1000 0000:00:03.0 enp0s3: renamed from eth0
[    6.978414] floppy0: no floppy controllers found
[    6.979852] work still pending
Begin: Loading essential drivers ... [    8.386856] md: linear personality registered for level -1
[    8.404207] md: multipath personality registered for level -4
[    8.426153] md: raid0 personality registered for level 0
[    8.467685] md: raid1 personality registered for level 1
[    8.571977] raid6: sse2x1   gen()  5206 MB/s
[    8.656014] raid6: sse2x1   xor()  4373 MB/s
[    8.745403] raid6: sse2x2   gen()  8084 MB/s
[    8.841988] raid6: sse2x2   xor()  4213 MB/s
[    8.940116] raid6: sse2x4   gen()  8532 MB/s
[    9.032014] raid6: sse2x4   xor()  6104 MB/s
[    9.049017] raid6: using algorithm sse2x4 gen() 8532 MB/s
[    9.050159] raid6: .... xor() 6104 MB/s, rmw enabled
[    9.051277] raid6: using ssse3x2 recovery algorithm
[    9.055154] xor: automatically using best checksumming function:
[    9.120029]    avx       : 26873.000 MB/sec
[    9.145619] async_tx: api initialized (async)
[    9.172765] md: raid6 personality registered for level 6
[    9.183074] md: raid5 personality registered for level 5
[    9.184168] md: raid4 personality registered for level 4
[    9.194626] md: raid10 personality registered for level 10
done.
Begin: Running /scripts/init-premount ... done.
Begin: Mounting root file system ... Begin: Running /scripts/local-top ... done.
Begin: Running /scripts/local-premount ... [    9.245849] Btrfs loaded
Scanning for Btrfs filesystems
done.
Warning: fsck not present, so skipping root file system
[    9.356210] EXT4-fs (sda1): mounted filesystem with ordered data mode. Opts: (null)
done.
Begin: Running /scripts/local-bottom ... done.
Begin: Running /scripts/init-bottom ... done.
[    9.763501] systemd[1]: systemd 229 running in system mode. (+PAM +AUDIT +SELINUX +IMA +APPARMOR +SMACK +SYSVINIT +UTMP +LIBCRYPTSETUP +GCRYPT +GNUTLS +ACL +XZ -LZ4 +SECCOMP +BLKID +ELFUTILS +KMOD -IDN)
[    9.776786] systemd[1]: Detected virtualization oracle.
[    9.789804] systemd[1]: Detected architecture x86-64.

Welcome to [1mUbuntu 16.04.2 LTS[0m!

[    9.827350] systemd[1]: Set hostname to <ubuntu>.
[    9.838637] systemd[1]: Initializing machine ID from random generator.
[    9.853903] systemd[1]: Installed transient /etc/machine-id file.
[   10.361437] random: nonblocking pool is initialized
[   10.656393] systemd[1]: Listening on Device-mapper event daemon FIFOs.
[[0;32m  OK  [0m] Listening on Device-mapper event daemon FIFOs.
[   10.660658] systemd[1]: Created slice System Slice.
[[0;32m  OK  [0m] Created slice System Slice.
[   10.663673] systemd[1]: Listening on Syslog Socket.
[[0;32m  OK  [0m] Listening on Syslog Socket.
[   10.670958] systemd[1]: Listening on udev Kernel Socket.
[[0;32m  OK  [0m] Listening on udev Kernel Socket.
[   10.674182] systemd[1]: Listening on Journal Audit Socket.
[[0;32m  OK  [0m] Listening on Journal Audit Socket.
[   10.677489] systemd[1]: Reached target User and Group Name Lookups.
[[0;32m  OK  [0m] Reached target User and Group Name Lookups.
[   10.680984] systemd[1]: Reached target Encrypted Volumes.
[[0;32m  OK  [0m] Reached target Encrypted Volumes.
[   10.684238] systemd[1]: Listening on udev Control Socket.
[[0;32m  OK  [0m] Listening on udev Control Socket.
[   10.687826] systemd[1]: Created slice User and Session Slice.
[[0;32m  OK  [0m] Created slice User and Session Slice.
[   10.691172] systemd[1]: Listening on /dev/initctl Compatibility Named Pipe.
[[0;32m  OK  [0m] Listening on /dev/initctl Compatibility Named Pipe.
[   10.696236] systemd[1]: Started Forward Password Requests to Wall Directory Watch.
[[0;32m  OK  [0m] Started Forward Password Requests to Wall Directory Watch.
[   10.700419] systemd[1]: Reached target Slices.
[[0;32m  OK  [0m] Reached target Slices.
[   10.705439] systemd[1]: Listening on Journal Socket.
[[0;32m  OK  [0m] Listening on Journal Socket.
[   10.710816] systemd[1]: Mounting Debug File System...
         Mounting Debug File System...
[   10.716446] systemd[1]: Mounting Huge Pages File System...
         Mounting Huge Pages File System...
[   10.721197] systemd[1]: Starting Set console keymap...
         Starting Set console keymap...
[   10.741661] systemd[1]: Starting Load Kernel Modules...
         Starting Load Kernel Modules...
[   10.748174] systemd[1]: Reached target Swap.
[[0;32m  OK  [0m] Reached target Swap.
[   10.758377] systemd[1]: Listening on LVM2 poll daemon socket.
[[0;32m  OK  [0m] Listening on LVM2 poll daemon socket.
[   10.762818] systemd[1]: Mounting POSIX Message Queue File System...
         Mounting POSIX Message Queue File System...
[   10.768620] systemd[1]: Created slice system-serial\x2dgetty.slice.
[[0;32m  OK  [0m] Created slice system-serial\x2dgetty.slice.
[   10.777223] systemd[1]: Starting Uncomplicated firewall...
         Starting Uncomplicated firewall...
[   10.785214] Loading iSCSI transport class v2.0-870.
[   10.787501] systemd[1]: Starting Nameserver information manager...
         Starting Nameserver information manager...
[   10.796929] systemd[1]: Listening on Journal Socket (/dev/log).
[[0;32m  OK  [0m] Listening on Journal Socket (/dev/log).
[   10.805583] systemd[1]: Starting Journal Service...
         Starting Journal Service...
[   10.819458] systemd[1]: Starting Remount Root and Kernel File Systems...
         Starting Remount Root and Kernel File Systems...
[   10.828028] systemd[1]: Starting Create list of required static device nodes for the current kernel...
         Starting Create list of required st... nodes for the current kernel...
[   10.844177] systemd[1]: Set up automount Arbitrary Executable File Formats File System Automount Point.
[[0;32m  OK  [0m] Set up automount Arbitrary Executab...ats File System Automount Point.
[   10.854838] iscsi: registered transport (tcp)
[   10.868312] systemd[1]: Listening on LVM2 metadata daemon socket.
[[0;32m  OK  [0m] Listening on LVM2 metadata daemon socket.
[   10.874193] EXT4-fs (sda1): re-mounted. Opts: (null)
[   10.877901] systemd[1]: Starting Monitoring of LVM2 mirrors, snapshots etc. using dmeventd or progress polling...
         Starting Monitoring of LVM2 mirrors... dmeventd or progress polling...
[   10.892578] systemd[1]: Mounted POSIX Message Queue File System.
[[0;32m  OK  [0m] Mounted POSIX Message Queue File System.
[   10.902177] systemd[1]: Mounted Huge Pages File System.
[[0;32m  OK  [0m] Mounted Huge Pages File System.
[   10.907224] systemd[1]: Mounted Debug File System.
[[0;32m  OK  [0m] Mounted Debug File System.
[   10.924885] systemd[1]: Started Set console keymap.
[[0;32m  OK  [0m] Started Set console keymap.
[   10.947640] systemd[1]: Started Uncomplicated firewall.
[[0;32m  OK  [0m] Started Uncomplicated firewall.
[   10.966949] systemd[1]: Started Remount Root and Kernel File Systems.
[[0;32m  OK  [0m] Started Remount Root and Kernel File Systems.
[   10.990282] systemd[1]: Started Create list of required static device nodes for the current kernel.
[[0;32m  OK  [0m] Started Create list of required sta...ce nodes for the current kernel.
[   11.062614] systemd[1]: Started Nameserver information manager.
[[0;32m  OK  [0m] Started Nameserver information manager.
[   11.110215] iscsi: registered transport (iser)
[   11.124031] systemd[1]: Started Load Kernel Modules.
[[0;32m  OK  [0m] Started Load Kernel Modules.
[   11.134732] systemd[1]: Started Journal Service.
[[0;32m  OK  [0m] Started Journal Service.
[[0;32m  OK  [0m] Started LVM2 metadata daemon.
         Starting Apply Kernel Variables...
         Mounting FUSE Control File System...
         Starting Create Static Device Nodes in /dev...
         Starting Load/Save Random Seed...
         Starting Flush Journal to Persistent Storage...
         Starting Initial cloud-init job (pre-networking)...
         Starting udev Coldplug all Devices...
[[0;32m  OK  [0m] Mounted FUSE Control File System.
[[0;32m  OK  [0m] Started Apply Kernel Variables.
[[0;32m  OK  [0m] Started Load/Save Random Seed.
[[0;32m  OK  [0m] Started Flush Journal to Persistent Storage.
[[0;32m  OK  [0m] Started udev Coldplug all Devices.
[[0;32m  OK  [0m] Started Create Static Device Nodes in /dev.
         Starting udev Kernel Device Manager...
[[0;32m  OK  [0m] Started Monitoring of LVM2 mirrors,...ng dmeventd or progress polling.
[[0;32m  OK  [0m] Started udev Kernel Device Manager.
[[0;32m  OK  [0m] Started Dispatch Password Requests to Console Directory Watch.
[[0;32m  OK  [0m] Reached target Local File Systems (Pre).
[[0;32m  OK  [0m] Reached target Local File Systems.
         Starting Tell Plymouth To Write Out Runtime Data...
         Starting Create Volatile Files and Directories...
         Starting Set console font and keymap...
         Starting LSB: AppArmor initialization...
         Starting Commit a transient machine-id on disk...
[[0;32m  OK  [0m] Started Commit a transient machine-id on disk.
[[0;32m  OK  [0m] Started Tell Plymouth To Write Out Runtime Data.
[[0;32m  OK  [0m] Started Create Volatile Files and Directories.
[[0;32m  OK  [0m] Reached target System Time Synchronized.
         Starting Update UTMP about System Boot/Shutdown...
[[0;32m  OK  [0m] Started Update UTMP about System Boot/Shutdown.
[[0;32m  OK  [0m] Found device /dev/ttyS0.
[[0;32m  OK  [0m] Listening on Load/Save RF Kill Switch Status /dev/rfkill Watch.
[[0;32m  OK  [0m] Started LSB: AppArmor initialization.
[   16.556844] cloud-init[480]: Cloud-init v. 0.7.8 running 'init-local' at Wed, 27 Sep 2017 09:16:15 +0000. Up 15.51 seconds.
[[0;32m  OK  [0m] Started Set console font and keymap.
[[0;32m  OK  [0m] Created slice system-getty.slice.
[[0;32m  OK  [0m] Started Initial cloud-init job (pre-networking).
[[0;32m  OK  [0m] Reached target Network (Pre).
         Starting Raise network interfaces...
[[0;32m  OK  [0m] Started Raise network interfaces.
[[0;32m  OK  [0m] Reached target Network.
         Starting Initial cloud-init job (metadata service crawler)...
[   19.282639] cloud-init[1061]: Cloud-init v. 0.7.8 running 'init' at Wed, 27 Sep 2017 09:16:17 +0000. Up 17.42 seconds.
[   19.355444] cloud-init[1061]: ci-info: ++++++++++++++++++++++++++++++++++++++Net device info++++++++++++++++++++++++++++++++++++++
[[   19.413922] cloud-init[1061]: ci-info: +--------+-------+----------------------------+---------------+-------+-------------------+
[   19.425552] cloud-init[1061]: ci-info: | Device |   Up  |          Address           |      Mask     | Scope |     Hw-Address    |
[   19.428172] cloud-init[1061]: ci-info: +--------+-------+----------------------------+---------------+-------+-------------------+
[   19.430872] cloud-init[1061]: ci-info: | enp0s3 |  True |         10.0.2.15          | 255.255.255.0 |   .   | 02:f2:f2:0c:4e:d5 |
[   19.434335] cloud-init[1061]: ci-info: | enp0s3 |  True | fe80::f2:f2ff:fe0c:4ed5/64 |       .       |  link | 02:f2:f2:0c:4e:d5 |[0;32m  OK  [0m] Started Initial cloud-init job (metadata service crawler).
[[0;32m  OK  [0m] Reached target Cloud-config availability.
[[0;32m  OK  [0m] Reached target Network is Online.
         
[   19.458451] cloud-init[1061]: ci-info: |   lo   |  True |         127.0.0.1          |   255.0.0.0   |   .   |         .         |
[   19.461209] cloud-init[1061]: ci-info: |   lo   |  True |          ::1/128           |       .       |  host |         .         |
[   19.464055] Starting iSCSI initiator daemon (iscsid)...
[[0;32m  OK  [0m] Reached target System Initialization.
[[0;32m  OK  [0mcloud-init[1061]: ci-info: | enp0s8 | False |             .              |       .       |   .   | 08:00:27:38:5d:45 |
[   19.471416] cloud-init] Started Daily apt activities.
[1061]: ci-info: +--------+-------+----------------------------+---------------+-------+-------------------+
[   19.480094] cloud-init[1061]: ci-info: +++++++++++++++++++++++++++Route IPv4 info++++++++++++++++++++++++++++
[   19.482859] cloud-init[1061]:          Starting LXD - unix socket.
[[0;32m  OK  [0m] Listening on D-Bus System Message Bus Socket.
[[0;32m  OK  [0mci-info: +-------+-------------+----------+---------------+-----------+-------+] Started Daily Cleanup of Temporary Directories.
[[0;32m  OK  [0m] Started Trigger resolvconf update for networkd DNS.
[   19.496809] cloud-init[1061]: ci-info: | Route | Destination | Gateway  |    Genmask    | Interface | Flags |
[   19.499087] cloud-init[1061]: ci-info: +-------+-------------+----------+---------------+-----------+-------+
[[0;32m  OK  [0m] Listening on ACPID Listen Socket.
[[0;32m  OK  [0m] Listening on UUID daemon activation socket.
[   19.506698] cloud-init[1061]: ci-info: |   0   |   0.0.0.0   | 10.0.2.2 |    0.0.0.0    |   enp0s3  |   UG  |

[[0;32m  OK  [0m] Started ACPI Events Check.
[[0;32m  OK  [0m[   19.512377] cloud-init[1061]: ci-info: |   1   |   10.0.2.0  | 0.0.0.0  | 255.255.255.0 |   enp0s3  |   U   |
[   19.514857] cloud-init[1061]: ci-info: +-------+-------------+----------+---------------+-----------+-------+] Reached target Paths.
[[0;32m  OK  [0m] Started Timer to automatically refresh installed snaps.
[[0;32m  OK  [0m] Reached target Timers.
         Starting Socket activation for snappy daemon.

[   19.524223] cloud-init[1061]: Generating public/private rsa key pair.
[   19.528259] cloud-init[1061]: Your identification has been saved in /etc/ssh/ssh_host_rsa_key.
[[0;32m  OK  [0m] Listening on LXD - unix socket.
[   19.534403] cloud-init[1061]: Your public key has been saved in /etc/ssh/ssh_host_rsa_key.pub.[[0;32m  OK  [0m] Listening on Socket activation for snappy daemon.

[   19.542785] cloud-init[1061]: The key fingerprint is:
[   19.548105] cloud-init[1061]: SHA256:bJpHmkl455gjpPqtvoANk6o5n9lWVkFd+tJ+79Z0aHM root@ubuntu-xenial
[   19.554297] cloud-init[1061]: The key's randomart image is:
[   19.561305] cloud-init[1061]: +---[RSA 2048]----+
[[0;32m  OK  [0m] Started iSCSI initiator daemon (iscsid).
[   19.571398] cloud-init[1061]: |       ... ..    |
         Starting Login to default iSCSI targets...[   19.576720] cloud-init[1061]: |        . ..     |
[   19.578067] cloud-init[1061]: |         ..      |
[   19.579373] cloud-init
[[0;32m  OK  [0m] Reached target Sockets.
[[0;32m  OK  [0m] Reached target Basic System.
[1061]: | .   . ..  o     |
[   19.589877] cloud-init[1061]: |+   o o.S . o  . |
[[0;32m  OK  [0m] Started ACPI event daemon.
[   19.594566] cloud-init[1061]: |o+ o oo&   o  + E|
         Starting LSB: MD monitoring daemon...
[   19.600912] cloud-init[1061]: |+ o .oX o   ...+o|
[   19.604375]          Starting Login Service...
[[0;32m  OK  [0m] Started Deferred execution scheduler.cloud-init[1061]: |o+ =.. o     . .o|
[   19.617540] cloud-init[1061]: |+=O+o          oo|
         Starting System Logging Service...
[[0;32m  OK  [0m] Started D-Bus System Message Bus.

[   19.649181] cloud-init[1061]: +----[SHA256]-----+
[   19.654089] cloud-init[1061]: Generating public/private dsa key pair.
[   19.656543] cloud-init[1061]: Your identification has been saved in /etc/ssh/ssh_host_dsa_key.
[   19.659005] cloud-init[1061]: Your public key has been saved in /etc/ssh/ssh_host_dsa_key.pub.
[   19.662476] cloud-init[1061]: The key fingerprint is:
[   19.665181] cloud-init[1061]: SHA256:caR2SqSFwS2UAfy6HJTWfuJPM2PhJCrp8truR/ELelo root@ubuntu-xenial
[   19.668584] cloud-init[1061]: The key's randomart image is:
[   19.670766] cloud-init[1061]: +---[DSA 1024]----+
[   19.672569] cloud-init[1061]: |   ..++*o .      |
[   19.674751] cloud-init[1061]: |    . =+.o       |
[   19.676827] cloud-init[1061]: |     +..= o      |
[   19.678629] cloud-init[1061]: |    = oo =       |
[   19.680462] cloud-init[1061]: |   o =. S        |
[   19.683336] cloud-init[1061]: |   .=.++..       |
[   19.685445] cloud-init[1061]: |  o+E= +B        |
[   19.687441] cloud-init[1061]: |.o.o= oo +       |
[   19.689523] cloud-init[1061]: |.*B+   ..        |
[   19.691927] cloud-init[1061]: +----[SHA256]-----+
[   19.694255] cloud-init[1061]: Generating public/private ecdsa key pair.
[   19.696513] cloud-init[1061]: Your identification has been saved in /etc/ssh/ssh_host_ecdsa_key.
[   19.699063] cloud-init[1061]: Your public key has been saved in /etc/ssh/ssh_host_ecdsa_key.pub.
[   19.701617] cloud-init[1061]: The key fingerprint is:
[   19.703923] cloud-init[1061]: SHA256:u/L6q5FPQFhRmVgasoItZOsS6leyVahIqRQixGVT5jE root@ubuntu-xenial
[   19.752414] cloud-init[1061]: The key's randomart image is:
[   19.755083] cloud-init[1061]: +---[ECDSA 256]---+
[   19.756935] cloud-init[1061]: |==.+oE+=oo       |
[   19.758812] cloud-init[1061]: |=+= +==oo        |
[   19.760671] cloud-init[1061]: |+=o ooo.         |
[   19.762767] cloud-init[1061]: |*o.....          |
[   19.764702] cloud-init[1061]: |+o o o. S        |
[   19.766707] cloud-init[1061]: |o   =  o .       |
[   19.768979] cloud-init[1061]: | . o  o o        |
[   19.771367] cloud-init[1061]: |  .   .+ .       |
[   19.799173] cloud-init[1061]: |      o**.       |
[   19.801008] cloud-init[1061]: +----[SHA256]-----+
[   19.802842] cloud-init[1061]: Generating public/private ed25519 key pair.
[   19.805068] cloud-init[1061]: Your identification has been saved in /etc/ssh/ssh_host_ed25519_key.
[   19.807750] cloud-init[1061]: Your public key has been saved in /etc/ssh/ssh_host_ed25519_key.pub.
[   19.810310] cloud-init[1061]: The key fingerprint is:
[   19.812118] cloud-init[1061]: SHA256:nxp7xQ6zPNr0BFFQLh0N6KVax82/X+s3HAoWFSy6JFQ root@ubuntu-xenial
[   19.814909] cloud-init[1061]: The key's randomart image is:
[   19.816915] cloud-init[1061]: +--[ED25519 256]--+
[   19.819049] cloud-init[1061]: |        .E.+*+.  |
[   19.820864] cloud-init[1061]: |       .  .=.+.  |
[   19.833069] cloud-init[1061]: |      .  .++=o   |
[   19.834932] cloud-init[1061]: |       . o++o o  |
[   19.836781] cloud-init[1061]: |        Sooo.  . |
[   19.838577] cloud-init[1061]: |        .oo=o  ..|
[   19.840375] cloud-init[1061]: |        ..=*o o +|
[   19.842203] cloud-init[1061]: |         *=o.. ++|
[   19.844540] cloud-init[1061]: |        +o... .o=|
[   19.846415] cloud-init[1061]: +----[SHA256]-----+
[[0;32m  OK  [0m] Started FUSE filesystem for LXC.
[[0;32m  OK  [0m] Started Snappy daemon.
         Starting Auto import assertions from block devices...
         Starting Pollinate to seed the pseudo random number generator...
         Starting Accounts Service...
         Starting LXD - container startup/shutdown...
         Starting LSB: Record successful boot for GRUB...
         Starting Apply the settings specified in cloud-config...
         Starting /etc/rc.local Compatibility...
[[0;32m  OK  [0m] Started Regular background program processing daemon.
[[0;32m  OK  [0m] Started System Logging Service.
[[0;32m  OK  [0m] Started Auto import assertions from block devices.
[[0;32m  OK  [0m] Started /etc/rc.local Compatibility.
[[0;32m  OK  [0m] Started Login Service.
[[0;32m  OK  [0m] Started LSB: Record successful boot for GRUB.
[[0;32m  OK  [0m] Started LSB: MD monitoring daemon.
[[0;32m  OK  [0m] Started Login to default iSCSI targets.
[[0;32m  OK  [0m] Reached target Remote File Systems (Pre).
[[0;32m  OK  [0m] Reached target Remote File Systems.
         Starting LSB: Set the CPU Frequency Scaling governor to "ondemand"...
         Starting LSB: daemon to balance interrupts for SMP systems...
         Starting LSB: VirtualBox Linux Additions...
         Starting LSB: automatic crash report generation...
         Starting Permit User Sessions...
[[0;32m  OK  [0m] Started Permit User Sessions.
         Starting Terminate Plymouth Boot Screen...
         Starting Hold until boot process finishes up...
[[0;32m  OK  [0m] Started Hold until boot process finishes up.
[[0;32m  OK  [0m] Started Terminate Plymouth Boot Screen.
[[0;32m  OK  [0m] Started LSB: Set the CPU Frequency Scaling governor to "ondemand".
[[0;32m  OK  [0m] Started Serial Getty on ttyS0.
[[0;32m  OK  [0m] Started Getty on tty1.
[[0;32m  OK  [0m] Reached target Login Prompts.
         Starting Set console scheme...
[[0;32m  OK  [0m] Started LSB: daemon to balance interrupts for SMP systems.
         Starting Authenticate and Authorize Users to Run Privileged Tasks...
[[0;32m  OK  [0m] Started LSB: automatic crash report generation.
[[0;32m  OK  [0m] Started Set console scheme.
[[0;32m  OK  [0m] Started Authenticate and Authorize Users to Run Privileged Tasks.
[[0;32m  OK  [0m] Started Accounts Service.
[[0;32m  OK  [0m] Started LSB: VirtualBox Linux Additions.
[   22.176869] cloud-init[1216]: Generating locales (this might take a while)...
[[0;32m  OK  [0m] Started LXD - container startup/shutdown.
[[0;32m  OK  [0m] Started Pollinate to seed the pseudo random number generator.
         Starting OpenBSD Secure Shell server...
[[0;32m  OK  [0m] Started OpenBSD Secure Shell server.
[[0;32m  OK  [0m] Reached target Multi-User System.
[[0;32m  OK  [0m] Reached target Graphical Interface.
         Starting Update UTMP about System Runlevel Changes...
[[0;32m  OK  [0m] Started Update UTMP about System Runlevel Changes.
[   24.253381] cloud-init[1216]:   en_US.UTF-8... done
[   24.272079] cloud-init[1216]: Generation complete.
         Stopping OpenBSD Secure Shell server...
[[0;32m  OK  [0m] Stopped OpenBSD Secure Shell server.
         Starting OpenBSD Secure Shell server...
[[0;32m  OK  [0m] Started OpenBSD Secure Shell server.
[[0;32m  OK  [0m] Created slice User Slice of ubuntu.
         Starting User Manager for UID 1000...
[[0;32m  OK  [0m] Started Session 1 of user ubuntu.
[[0;32m  OK  [0m] Started User Manager for UID 1000.
[   26.798483] cloud-init[1216]: Cloud-init v. 0.7.8 running 'modules:config' at Wed, 27 Sep 2017 09:16:21 +0000. Up 21.46 seconds.

Ubuntu 16.04.2 LTS ubuntu-xenial ttyS0

ubuntu-xenial login: ci-info: +++++Authorized keys from /home/ubuntu/.ssh/authorized_keys for user ubuntu++++++
ci-info: +---------+-------------------------------------------------+---------+---------+
ci-info: | Keytype |                Fingerprint (md5)                | Options | Comment |
ci-info: +---------+-------------------------------------------------+---------+---------+
ci-info: | ssh-rsa | e2:c0:e9:0a:9f:59:43:aa:c6:da:05:dd:6d:16:d3:dc |    -    | vagrant |
ci-info: +---------+-------------------------------------------------+---------+---------+
<14>Sep 27 09:16:30 ec2: 
<14>Sep 27 09:16:30 ec2: #############################################################
<14>Sep 27 09:16:30 ec2: -----BEGIN SSH HOST KEY FINGERPRINTS-----
<14>Sep 27 09:16:30 ec2: 1024 SHA256:caR2SqSFwS2UAfy6HJTWfuJPM2PhJCrp8truR/ELelo root@ubuntu-xenial (DSA)
<14>Sep 27 09:16:30 ec2: 256 SHA256:u/L6q5FPQFhRmVgasoItZOsS6leyVahIqRQixGVT5jE root@ubuntu-xenial (ECDSA)
<14>Sep 27 09:16:30 ec2: 256 SHA256:nxp7xQ6zPNr0BFFQLh0N6KVax82/X+s3HAoWFSy6JFQ root@ubuntu-xenial (ED25519)
<14>Sep 27 09:16:30 ec2: 2048 SHA256:bJpHmkl455gjpPqtvoANk6o5n9lWVkFd+tJ+79Z0aHM root@ubuntu-xenial (RSA)
<14>Sep 27 09:16:30 ec2: -----END SSH HOST KEY FINGERPRINTS-----
<14>Sep 27 09:16:30 ec2: #############################################################
-----BEGIN SSH HOST KEY KEYS-----
ecdsa-sha2-nistp256 AAAAE2VjZHNhLXNoYTItbmlzdHAyNTYAAAAIbmlzdHAyNTYAAABBBIJeWNE0fAYvi8xUkwbtMVeCGr6HUBh9X2Oo1vAh0m2m/rNBKnSkyhdcdAMIwTlvP8P9q/yFeuqab7ILLpnHIRc= root@ubuntu-xenial
ssh-ed25519 AAAAC3NzaC1lZDI1NTE5AAAAIIjLOMsBJAC26PFbOhcVr8uSfZzxWWsrWnXkXpuTRbq1 root@ubuntu-xenial
ssh-rsa AAAAB3NzaC1yc2EAAAADAQABAAABAQDkBa0fHxtEDFz04g3nGqoQBXzWDBupR+mjBlx9xgCOKt3NArkXLa0++yF1UmxMSG80FI2i7cWIVniniMvM79iL4pC7LDL2+sMhIqKlLrXnBOznKP0LREDagqWbORp0kkI6I58rhuwuFFgUFCMriRs+L8AMmaIaY3HrCd0sfzOh1zhCN1fQh2aTp4YnyeC2WAdZ7bqLHJoV0u9fjV5lOPIdYLVqiSBzNSBLDyF0sJaFMEsDtErruM0OraXcBWModiKVwD/j1pqcItTDszFe1pZP6Qd9IzSW9cZ0g1UV0MxoBA4HETQUi0ZAAskIoh0sO+8XCu1cc+jWUxUuGDdbxwYZ root@ubuntu-xenial
-----END SSH HOST KEY KEYS-----
[   31.616712] cloud-init[1515]: Cloud-init v. 0.7.8 running 'modules:final' at Wed, 27 Sep 2017 09:16:29 +0000. Up 30.11 seconds.
[   31.634152] cloud-init[1515]: Cloud-init v. 0.7.8 finished at Wed, 27 Sep 2017 09:16:31 +0000. Datasource DataSourceNoCloud [seed=/dev/sdb][dsmode=net].  Up 31.54 seconds
[  176.490188] Out of memory: Kill process 26109 (dpkg) score 85 or sacrifice child
[  176.492019] Killed process 26109 (dpkg) total-vm:41720kB, anon-rss:18308kB, file-rss:2792kB
         Stopping Authenticate and Authorize Users to Run Privileged Tasks...
[  OK  ] Closed Load/Save RF Kill Switch Status /dev/rfkill Watch.
[  OK  ] Stopped target Cloud-init target.
[  OK  ] Stopped target Timers.
[  OK  ] Stopped Daily apt upgrade and clean activities.
[  OK  ] Stopped Daily apt download activities.
[  OK  ] Stopped target System Time Synchronized.
[  OK  ] Stopped Daily Cleanup of Temporary Directories.
[  OK  ] Stopped Execute cloud user/final scripts.
[  OK  ] Stopped Apply the settings specified in cloud-config.
[  OK  ] Stopped target Cloud-config availability.
[  OK  ] Stopped target Graphical Interface.
[  OK  ] Stopped target Multi-User System.
         Stopping FUSE filesystem for LXC...
         Stopping LSB: Set the CPU Frequency Scaling governor to "ondemand"...
         Stopping D-Bus System Message Bus...
         Stopping System Logging Service...
         Stopping Regular background program processing daemon...
         Stopping LSB: automatic crash report generation...
         Stopping Session 5 of user ubuntu.
         Stopping Accounts Service...
         Stopping Deferred execution scheduler...
         Stopping ACPI event daemon...
[  OK  ] Stopped target Login Prompts.
         Stopping Getty on tty1...
         Stopping LSB: daemon to balance interrupts for SMP systems...
         Stopping LSB: Record successful boot for GRUB...
         Stopping Daemon for generating UUIDs...
         Stopping OpenBSD Secure Shell server...
         Stopping Serial Getty on ttyS0...
         Stopping LSB: VirtualBox Linux Additions...
         [  OK  ] Stopped ACPI event daemon.
[  OK  ] Stopped Regular background program processing daemon.
[  OK  ] Stopped Serial Getty on ttyS0.
[  OK  ] Stopped Deferred execution scheduler.
[  OK  ] Stopped Accounts Service.
[  OK  ] Stopped Getty on tty1.
[  OK  ] Stopped Authenticate and Authorize Users to Run Privileged Tasks.
[  OK  ] Stopped Daemon for generating UUIDs.
[  OK  ] Stopped D-Bus System Message Bus.
[  OK  ] Unmounted /var/lib/lxcfs.
[  OK  ] Stopped FUSE filesystem for LXC.
[  OK  ] Stopped Session 5 of user ubuntu.
[  OK  ] Stopped System Logging Service.
[  OK  ] Stopped OpenBSD Secure Shell server.
[  OK  ] Stopped User Manager for UID 1000.
[  OK  ] Stopped LSB: Set the CPU Frequency Scaling governor to "ondemand".
[  OK  ] Stopped LSB: Record successful boot for GRUB.
[  OK  ] Stopped LSB: daemon to balance interrupts for SMP systems.
[  OK  ] Removed slice User Slice of ubuntu.
         Stopping Login Service...
[  OK  ] Removed slice system-getty.slice.
[  OK  ] Stopped /etc/rc.local Compatibility.
[  OK  ] Removed slice system-serial\x2dgetty.slice.
         Stopping Permit User Sessions...
[  OK  ] Stopped Login Service.
[  OK  ] Stopped LSB: automatic crash report generation.
[  OK  ] Stopped Permit User Sessions.
[  OK  ] Stopped target User and Group Name Lookups.
[  OK  ] Stopped LSB: VirtualBox Linux Additions.
[  OK  ] Stopped target Remote File Systems.
[  OK  ] Stopped target Remote File Systems (Pre).
         Stopping Login to default iSCSI targets...
[  OK  ] Stopped target Basic System.
[  OK  ] Stopped target Slices.
[  OK  ] Removed slice User and Session Slice.
[  OK  ] Stopped target Sockets.
[  OK  ] Closed Syslog Socket.
[  OK  ] Closed ACPID Listen Socket.
[  OK  ] Closed UUID daemon activation socket.
[  OK  ] Closed D-Bus System Message Bus Socket.
[  OK  ] Stopped target Paths.
[  OK  ] Stopped ACPI Events Check.
[  OK  ] Stopped target System Initialization.
[  OK  ] Stopped target Swap.
[  OK  ] Stopped Create Volatile Files and Directories.
[  OK  ] Stopped Commit a transient machine-id on disk.
         Stopping Load/Save Random Seed...
[  OK  ] Stopped target Encrypted Volumes.
[  OK  ] Stopped Forward Password Requests to Wall Directory Watch.
[  OK  ] Stopped Dispatch Password Requests to Console Directory Watch.
[  OK  ] Stopped Load/Save Random Seed.
[  OK  ] Stopped Login to default iSCSI targets.
         Stopping iSCSI initiator daemon (iscsid)...
[  OK  ] Stopped iSCSI initiator daemon (iscsid).
[  OK  ] Stopped target Network is Online.
[  OK  ] Stopped Initial cloud-init job (metadata service crawler).
[  OK  ] Stopped target Network.
         Stopping Raise network interfaces...
[  OK  ] Stopped Raise network interfaces.
[  OK  ] Stopped target Network (Pre).
[  OK  ] Stopped Initial cloud-init job (pre-networking).
[  OK  ] Stopped target Local File Systems.
         Unmounting /run/user/1000...
         Unmounting /vagrant...
         Starting Unattended Upgrades Shutdown...
[  OK  ] Stopped Apply Kernel Variables.
[  OK  ] Stopped Load Kernel Modules.
[  OK  ] Unmounted /run/user/1000.
[  OK  ] Unmounted /vagrant.
[  OK  ] Reached target Unmount All Filesystems.
[  OK  ] Stopped target Local File Systems (Pre).
[  OK  ] Stopped Remount Root and Kernel File Systems.
[  OK  ] Stopped Create Static Device Nodes in /dev.
         Stopping Monitoring of LVM2 mirrors... dmeventd or progress polling...
[  OK  ] Stopped Monitoring of LVM2 mirrors,...ng dmeventd or progress polling.
         Stopping LVM2 metadata daemon...
[  OK  ] Stopped LVM2 metadata daemon.
[  OK  ] Started Unattended Upgrades Shutdown.
[  OK  ] Reached target Shutdown.
[  431.794440] reboot: Restarting system
[    0.000000] Initializing cgroup subsys cpuset
[    0.000000] Initializing cgroup subsys cpu
[    0.000000] Initializing cgroup subsys cpuacct
[    0.000000] Linux version 4.4.0-62-generic (buildd@lcy01-30) (gcc version 5.4.0 20160609 (Ubuntu 5.4.0-6ubuntu1~16.04.4) ) #83-Ubuntu SMP Wed Jan 18 14:10:15 UTC 2017 (Ubuntu 4.4.0-62.83-generic 4.4.40)
[    0.000000] Command line: BOOT_IMAGE=/boot/vmlinuz-4.4.0-62-generic root=UUID=7664720c-3742-49b9-b4d5-196d2a148900 ro console=tty1 console=ttyS0
[    0.000000] KERNEL supported cpus:
[    0.000000]   Intel GenuineIntel
[    0.000000]   AMD AuthenticAMD
[    0.000000]   Centaur CentaurHauls
[    0.000000] x86/fpu: xstate_offset[2]:  576, xstate_sizes[2]:  256
[    0.000000] x86/fpu: Supporting XSAVE feature 0x01: 'x87 floating point registers'
[    0.000000] x86/fpu: Supporting XSAVE feature 0x02: 'SSE registers'
[    0.000000] x86/fpu: Supporting XSAVE feature 0x04: 'AVX registers'
[    0.000000] x86/fpu: Enabled xstate features 0x7, context size is 832 bytes, using 'standard' format.
[    0.000000] x86/fpu: Using 'lazy' FPU context switches.
[    0.000000] e820: BIOS-provided physical RAM map:
[    0.000000] BIOS-e820: [mem 0x0000000000000000-0x000000000009fbff] usable
[    0.000000] BIOS-e820: [mem 0x000000000009fc00-0x000000000009ffff] reserved
[    0.000000] BIOS-e820: [mem 0x00000000000f0000-0x00000000000fffff] reserved
[    0.000000] BIOS-e820: [mem 0x0000000000100000-0x000000000ffeffff] usable
[    0.000000] BIOS-e820: [mem 0x000000000fff0000-0x000000000fffffff] ACPI data
[    0.000000] BIOS-e820: [mem 0x00000000fec00000-0x00000000fec00fff] reserved
[    0.000000] BIOS-e820: [mem 0x00000000fee00000-0x00000000fee00fff] reserved
[    0.000000] BIOS-e820: [mem 0x00000000fffc0000-0x00000000ffffffff] reserved
[    0.000000] NX (Execute Disable) protection: active
[    0.000000] SMBIOS 2.5 present.
[    0.000000] Hypervisor detected: KVM
[    0.000000] e820: last_pfn = 0xfff0 max_arch_pfn = 0x400000000
[    0.000000] MTRR: Disabled
[    0.000000] x86/PAT: MTRRs disabled, skipping PAT initialization too.
[    0.000000] x86/PAT: Configuration [0-7]: WB  WT  UC- UC  WB  WT  UC- UC  
[    0.000000] CPU MTRRs all blank - virtualized system.
[    0.000000] found SMP MP-table at [mem 0x0009fff0-0x0009ffff] mapped at [ffff88000009fff0]
[    0.000000] Scanning 1 areas for low memory corruption
[    0.000000] RAMDISK: [mem 0x0e959000-0x0f757fff]
[    0.000000] ACPI: Early table checksum verification disabled
[    0.000000] ACPI: RSDP 0x00000000000E0000 000024 (v02 VBOX  )
[    0.000000] ACPI: XSDT 0x000000000FFF0030 00003C (v01 VBOX   VBOXXSDT 00000001 ASL  00000061)
[    0.000000] ACPI: FACP 0x000000000FFF00F0 0000F4 (v04 VBOX   VBOXFACP 00000001 ASL  00000061)
[    0.000000] ACPI: DSDT 0x000000000FFF0470 0021FF (v02 VBOX   VBOXBIOS 00000002 INTL 20100528)
[    0.000000] ACPI: FACS 0x000000000FFF0200 000040
[    0.000000] ACPI: FACS 0x000000000FFF0200 000040
[    0.000000] ACPI: APIC 0x000000000FFF0240 000054 (v02 VBOX   VBOXAPIC 00000001 ASL  00000061)
[    0.000000] ACPI: SSDT 0x000000000FFF02A0 0001CC (v01 VBOX   VBOXCPUT 00000002 INTL 20100528)
[    0.000000] No NUMA configuration found
[    0.000000] Faking a node at [mem 0x0000000000000000-0x000000000ffeffff]
[    0.000000] NODE_DATA(0) allocated [mem 0x0ffeb000-0x0ffeffff]
[    0.000000] kvm-clock: Using msrs 4b564d01 and 4b564d00
[    0.000000] kvm-clock: cpu 0, msr 0:ffe3001, primary cpu clock
[    0.000000] kvm-clock: using sched offset of 438842333171 cycles
[    0.000000] clocksource: kvm-clock: mask: 0xffffffffffffffff max_cycles: 0x1cd42e4dffb, max_idle_ns: 881590591483 ns
[    0.000000] Zone ranges:
[    0.000000]   DMA      [mem 0x0000000000001000-0x0000000000ffffff]
[    0.000000]   DMA32    [mem 0x0000000001000000-0x000000000ffeffff]
[    0.000000]   Normal   empty
[    0.000000]   Device   empty
[    0.000000] Movable zone start for each node
[    0.000000] Early memory node ranges
[    0.000000]   node   0: [mem 0x0000000000001000-0x000000000009efff]
[    0.000000]   node   0: [mem 0x0000000000100000-0x000000000ffeffff]
[    0.000000] Initmem setup node 0 [mem 0x0000000000001000-0x000000000ffeffff]
[    0.000000] ACPI: PM-Timer IO Port: 0x4008
[    0.000000] IOAPIC[0]: apic_id 1, version 32, address 0xfec00000, GSI 0-23
[    0.000000] ACPI: INT_SRC_OVR (bus 0 bus_irq 0 global_irq 2 dfl dfl)
[    0.000000] ACPI: INT_SRC_OVR (bus 0 bus_irq 9 global_irq 9 high level)
[    0.000000] Using ACPI (MADT) for SMP configuration information
[    0.000000] smpboot: Allowing 1 CPUs, 0 hotplug CPUs
[    0.000000] PM: Registered nosave memory: [mem 0x00000000-0x00000fff]
[    0.000000] PM: Registered nosave memory: [mem 0x0009f000-0x0009ffff]
[    0.000000] PM: Registered nosave memory: [mem 0x000a0000-0x000effff]
[    0.000000] PM: Registered nosave memory: [mem 0x000f0000-0x000fffff]
[    0.000000] e820: [mem 0x10000000-0xfebfffff] available for PCI devices
[    0.000000] Booting paravirtualized kernel on KVM
[    0.000000] clocksource: refined-jiffies: mask: 0xffffffff max_cycles: 0xffffffff, max_idle_ns: 7645519600211568 ns
[    0.000000] setup_percpu: NR_CPUS:512 nr_cpumask_bits:512 nr_cpu_ids:1 nr_node_ids:1
[    0.000000] PERCPU: Embedded 33 pages/cpu @ffff88000fc00000 s98264 r8192 d28712 u2097152
[    0.000000] PV qspinlock hash table entries: 256 (order: 0, 4096 bytes)
[    0.000000] Built 1 zonelists in Node order, mobility grouping on.  Total pages: 64377
[    0.000000] Policy zone: DMA32
[    0.000000] Kernel command line: BOOT_IMAGE=/boot/vmlinuz-4.4.0-62-generic root=UUID=7664720c-3742-49b9-b4d5-196d2a148900 ro console=tty1 console=ttyS0
[    0.000000] PID hash table entries: 1024 (order: 1, 8192 bytes)
[    0.000000] Memory: 224260K/261688K available (8436K kernel code, 1291K rwdata, 3960K rodata, 1488K init, 1316K bss, 37428K reserved, 0K cma-reserved)
[    0.000000] SLUB: HWalign=64, Order=0-3, MinObjects=0, CPUs=1, Nodes=1
[    0.000000] Hierarchical RCU implementation.
[    0.000000] 	Build-time adjustment of leaf fanout to 64.
[    0.000000] 	RCU restricting CPUs from NR_CPUS=512 to nr_cpu_ids=1.
[    0.000000] RCU: Adjusting geometry for rcu_fanout_leaf=64, nr_cpu_ids=1
[    0.000000] NR_IRQS:33024 nr_irqs:256 16
[    0.000000] Console: colour VGA+ 80x25
[    0.000000] console [tty1] enabled
[    0.000000] console [ttyS0] enabled
[    0.000000] tsc: Detected 2691.236 MHz processor
[    0.213141] Calibrating delay loop (skipped) preset value.. 5382.47 BogoMIPS (lpj=10764944)
[    0.215744] pid_max: default: 32768 minimum: 301
[    0.217359] ACPI: Core revision 20150930
[    0.219920] ACPI: 2 ACPI AML tables successfully acquired and loaded
[    0.222174] Security Framework initialized
[    0.224064] Yama: becoming mindful.
[    0.225567] AppArmor: AppArmor initialized
[    0.226981] Dentry cache hash table entries: 32768 (order: 6, 262144 bytes)
[    0.229108] Inode-cache hash table entries: 16384 (order: 5, 131072 bytes)
[    0.231117] Mount-cache hash table entries: 512 (order: 0, 4096 bytes)
[    0.233106] Mountpoint-cache hash table entries: 512 (order: 0, 4096 bytes)
[    0.236081] Initializing cgroup subsys io
[    0.237447] Initializing cgroup subsys memory
[    0.238782] Initializing cgroup subsys devices
[    0.240116] Initializing cgroup subsys freezer
[    0.241820] Initializing cgroup subsys net_cls
[    0.243153] Initializing cgroup subsys perf_event
[    0.244514] Initializing cgroup subsys net_prio
[    0.245949] Initializing cgroup subsys hugetlb
[    0.247323] Initializing cgroup subsys pids
[    0.248753] CPU: Physical Processor ID: 0
[    0.250299] mce: CPU supports 0 MCE banks
[    0.251580] process: using mwait in idle threads
[    0.253730] Last level iTLB entries: 4KB 512, 2MB 8, 4MB 8
[    0.255251] Last level dTLB entries: 4KB 512, 2MB 32, 4MB 32, 1GB 0
[    0.281244] Freeing SMP alternatives memory: 32K (ffffffff820b8000 - ffffffff820c0000)
[    0.295023] ftrace: allocating 32065 entries in 126 pages
[    0.356323] smpboot: APIC(0) Converting physical 0 to logical package 0
[    0.358197] smpboot: Max logical packages: 1
[    0.359789] x2apic enabled
[    0.361409] Switched APIC routing to physical x2apic.
[    0.364166] ..TIMER: vector=0x30 apic1=0 pin1=2 apic2=-1 pin2=-1
[    0.480256] smpboot: CPU0: Intel(R) Core(TM) i7-3740QM CPU @ 2.70GHz (family: 0x6, model: 0x3a, stepping: 0x9)
[    0.495591] Performance Events: unsupported p6 CPU model 58 no PMU driver, software events only.
[    0.517695] KVM setup paravirtual spinlock
[    0.540272] x86: Booted up 1 node, 1 CPUs
[    0.541166] smpboot: Total of 1 processors activated (5382.47 BogoMIPS)
[    0.554406] devtmpfs: initialized
[    0.559078] evm: security.selinux
[    0.577471] evm: security.SMACK64
[    0.578217] evm: security.SMACK64EXEC
[    0.578994] evm: security.SMACK64TRANSMUTE
[    0.579827] evm: security.SMACK64MMAP
[    0.580664] evm: security.ima
[    0.613176] evm: security.capability
[    0.614236] clocksource: jiffies: mask: 0xffffffff max_cycles: 0xffffffff, max_idle_ns: 7645041785100000 ns
[    0.619058] pinctrl core: initialized pinctrl subsystem
[    0.620272] RTC time:  9:23:14, date: 09/27/17
[    0.635407] NET: Registered protocol family 16
[    0.637867] cpuidle: using governor ladder
[    0.638722] cpuidle: using governor menu
[    0.649453] PCCT header not found.
[    0.650331] ACPI: bus type PCI registered
[    0.651160] acpiphp: ACPI Hot Plug PCI Controller Driver version: 0.5
[    0.652476] PCI: Using configuration type 1 for base access
[    0.656948] ACPI: Added _OSI(Module Device)
[    0.672753] ACPI: Added _OSI(Processor Device)
[    0.685318] ACPI: Added _OSI(3.0 _SCP Extensions)
[    0.697684] ACPI: Added _OSI(Processor Aggregator Device)
[    0.699348] ACPI: Executed 1 blocks of module-level executable AML code
[    0.702675] ACPI: Interpreter enabled
[    0.715538] ACPI: (supports S0 S5)
[    0.716346] ACPI: Using IOAPIC for interrupt routing
[    0.717537] PCI: Using host bridge windows from ACPI; if necessary, use "pci=nocrs" and report a bug
[    0.722899] ACPI: PCI Root Bridge [PCI0] (domain 0000 [bus 00-ff])
[    0.755739] acpi PNP0A03:00: _OSC: OS supports [ASPM ClockPM Segments MSI]
[    0.757072] acpi PNP0A03:00: _OSC: not requesting OS control; OS requires [ExtendedConfig ASPM ClockPM MSI]
[    0.766196] acpi PNP0A03:00: fail to add MMCONFIG information, can't access extended PCI configuration space under this bridge.
[    0.768091] PCI host bridge to bus 0000:00
[    0.768787] pci_bus 0000:00: root bus resource [io  0x0000-0x0cf7 window]
[    0.781702] pci_bus 0000:00: root bus resource [io  0x0d00-0xffff window]
[    0.782639] pci_bus 0000:00: root bus resource [mem 0x000a0000-0x000bffff window]
[    0.783804] pci_bus 0000:00: root bus resource [mem 0x10000000-0xffdfffff window]
[    0.785111] pci_bus 0000:00: root bus resource [bus 00-ff]
[    0.796867] pci 0000:00:01.1: legacy IDE quirk: reg 0x10: [io  0x01f0-0x01f7]
[    0.811492] pci 0000:00:01.1: legacy IDE quirk: reg 0x14: [io  0x03f6]
[    0.827262] pci 0000:00:01.1: legacy IDE quirk: reg 0x18: [io  0x0170-0x0177]
[    0.828633] pci 0000:00:01.1: legacy IDE quirk: reg 0x1c: [io  0x0376]
[    0.855326] pci 0000:00:07.0: quirk: [io  0x4000-0x403f] claimed by PIIX4 ACPI
[    0.864106] pci 0000:00:07.0: quirk: [io  0x4100-0x410f] claimed by PIIX4 SMB
[    0.883111] ACPI: PCI Interrupt Link [LNKA] (IRQs 5 9 10 *11)
[    0.913294] ACPI: PCI Interrupt Link [LNKB] (IRQs 5 9 10 *11)
[    0.916308] ACPI: PCI Interrupt Link [LNKC] (IRQs 5 9 *10 11)
[    0.938586] ACPI: PCI Interrupt Link [LNKD] (IRQs 5 *9 10 11)
[    0.959887] ACPI: Enabled 2 GPEs in block 00 to 07
[    0.963452] vgaarb: setting as boot device: PCI:0000:00:02.0
[    0.964578] vgaarb: device added: PCI:0000:00:02.0,decodes=io+mem,owns=io+mem,locks=none
[    0.986663] vgaarb: loaded
[    0.987373] vgaarb: bridge control possible 0000:00:02.0
[    0.988894] SCSI subsystem initialized
[    0.997966] ACPI: bus type USB registered
[    1.015436] usbcore: registered new interface driver usbfs
[    1.016598] usbcore: registered new interface driver hub
[    1.017725] usbcore: registered new device driver usb
[    1.019071] PCI: Using ACPI for IRQ routing
[    1.020365] NetLabel: Initializing
[    1.021188] NetLabel:  domain hash size = 128
[    1.030306] NetLabel:  protocols = UNLABELED CIPSOv4
[    1.031394] NetLabel:  unlabeled traffic allowed by default
[    1.032777] amd_nb: Cannot enumerate AMD northbridges
[    1.035972] clocksource: Switched to clocksource kvm-clock
[    1.045543] AppArmor: AppArmor Filesystem Enabled
[    1.055871] pnp: PnP ACPI init
[    1.057623] pnp: PnP ACPI: found 3 devices
[    1.074723] clocksource: acpi_pm: mask: 0xffffff max_cycles: 0xffffff, max_idle_ns: 2085701024 ns
[    1.096464] NET: Registered protocol family 2
[    1.099292] TCP established hash table entries: 2048 (order: 2, 16384 bytes)
[    1.117953] TCP bind hash table entries: 2048 (order: 3, 32768 bytes)
[    1.119211] TCP: Hash tables configured (established 2048 bind 2048)
[    1.120469] UDP hash table entries: 256 (order: 1, 8192 bytes)
[    1.121698] UDP-Lite hash table entries: 256 (order: 1, 8192 bytes)
[    1.123010] NET: Registered protocol family 1
[    1.123966] pci 0000:00:00.0: Limiting direct PCI/PCI transfers
[    1.135426] pci 0000:00:01.0: Activating ISA DMA hang workarounds
[    1.136835] Trying to unpack rootfs image as initramfs...
[    1.364402] Freeing initrd memory: 14332K (ffff88000e959000 - ffff88000f758000)
[    1.376374] RAPL PMU detected, API unit is 2^-32 Joules, 3 fixed counters 10737418240 ms ovfl timer
[    1.386517] hw unit of domain pp0-core 2^-0 Joules
[    1.387447] hw unit of domain package 2^-0 Joules
[    1.388379] hw unit of domain pp1-gpu 2^-0 Joules
[    1.405526] platform rtc_cmos: registered platform RTC device (no PNP device found)
[    1.406852] Scanning for low memory corruption every 60 seconds
[    1.408136] futex hash table entries: 256 (order: 2, 16384 bytes)
[    1.415210] audit: initializing netlink subsys (disabled)
[    1.417396] audit: type=2000 audit(1506504635.030:1): initialized
[    1.418589] Initialise system trusted keyring
[    1.419407] HugeTLB registered 2 MB page size, pre-allocated 0 pages
[    1.421524] zbud: loaded
[    1.441569] VFS: Disk quotas dquot_6.6.0
[    1.442513] VFS: Dquot-cache hash table entries: 512 (order 0, 4096 bytes)
[    1.443723] squashfs: version 4.0 (2009/01/31) Phillip Lougher
[    1.444896] fuse init (API version 7.23)
[    1.453843] Key type big_key registered
[    1.454579] Allocating IMA MOK and blacklist keyrings.
[    1.455610] Key type asymmetric registered
[    1.456280] Asymmetric key parser 'x509' registered
[    1.465257] Block layer SCSI generic (bsg) driver version 0.4 loaded (major 249)
[    1.471298] io scheduler noop registered
[    1.471978] io scheduler deadline registered (default)
[    1.472914] io scheduler cfq registered
[    1.495587] pci_hotplug: PCI Hot Plug PCI Core version: 0.5
[    1.496469] pciehp: PCI Express Hot Plug Controller Driver version: 0.4
[    1.501707] ACPI: AC Adapter [AC] (on-line)
[    1.502465] input: Power Button as /devices/LNXSYSTM:00/LNXPWRBN:00/input/input0
[    1.513821] ACPI: Power Button [PWRF]
[    1.545715] input: Sleep Button as /devices/LNXSYSTM:00/LNXSLPBN:00/input/input1
[    1.547331] ACPI: Sleep Button [SLPF]
[    1.549131] ACPI: Battery Slot [BAT0] (battery present)
[    1.561977] GHES: HEST is not enabled!
[    1.563016] Serial: 8250/16550 driver, 32 ports, IRQ sharing enabled
[    1.597847] 00:02: ttyS0 at I/O 0x3f8 (irq = 4, base_baud = 115200) is a 16550A
[    1.612036] Linux agpgart interface v0.103
[    1.618421] brd: module loaded
[    1.635233] loop: module loaded
[    1.657824] scsi host0: ata_piix
[    1.669720] scsi host1: ata_piix
[    1.670537] ata1: PATA max UDMA/33 cmd 0x1f0 ctl 0x3f6 bmdma 0xd000 irq 14
[    1.671790] ata2: PATA max UDMA/33 cmd 0x170 ctl 0x376 bmdma 0xd008 irq 15
[    1.673745] libphy: Fixed MDIO Bus: probed
[    1.705539] tun: Universal TUN/TAP device driver, 1.6
[    1.706592] tun: (C) 1999-2004 Max Krasnyansky <maxk@qualcomm.com>
[    1.707906] PPP generic driver version 2.4.2
[    1.715550] ehci_hcd: USB 2.0 'Enhanced' Host Controller (EHCI) Driver
[    1.716862] ehci-pci: EHCI PCI platform driver
[    1.753652] ehci-platform: EHCI generic platform driver
[    1.754740] ohci_hcd: USB 1.1 'Open' Host Controller (OHCI) Driver
[    1.755942] ohci-pci: OHCI PCI platform driver
[    1.756970] ohci-platform: OHCI generic platform driver
[    1.763765] uhci_hcd: USB Universal Host Controller Interface driver
[    1.765263] i8042: PNP: PS/2 Controller [PNP0303:PS2K,PNP0f03:PS2M] at 0x60,0x64 irq 1,12
[    1.768779] serio: i8042 KBD port at 0x60,0x64 irq 1
[    1.771253] serio: i8042 AUX port at 0x60,0x64 irq 12
[    1.772494] mousedev: PS/2 mouse device common for all mice
[    1.774097] input: AT Translated Set 2 keyboard as /devices/platform/i8042/serio0/input/input2
[    1.792506] rtc_cmos rtc_cmos: rtc core: registered rtc_cmos as rtc0
[    1.795827] rtc_cmos rtc_cmos: alarms up to one day, 114 bytes nvram
[    1.797152] i2c /dev entries driver
[    1.801699] device-mapper: uevent: version 1.0.3
[    1.802830] device-mapper: ioctl: 4.34.0-ioctl (2015-10-28) initialised: dm-devel@redhat.com
[    1.804610] ledtrig-cpu: registered to indicate activity on CPUs
[    1.812503] NET: Registered protocol family 10
[    1.832013] NET: Registered protocol family 17
[    1.833057] Key type dns_resolver registered
[    1.835788] microcode: CPU0 sig=0x306a9, pf=0x2, revision=0x19
[    1.837116] microcode: Microcode Update Driver: v2.01 <tigran@aivazian.fsnet.co.uk>, Peter Oruba
[    1.844659] registered taskstats version 1
[    1.873317] Loading compiled-in X.509 certificates
[    1.875311] Loaded X.509 cert 'Build time autogenerated kernel key: a630254739635d6fdc487c9f0afa5d9a0ff04f04'
[    1.877494] zswap: loaded using pool lzo/zbud
[    1.917076] Key type trusted registered
[    1.935388] Key type encrypted registered
[    1.952047] AppArmor: AppArmor sha1 policy hashing enabled
[    1.953261] ima: No TPM chip found, activating TPM-bypass!
[    1.954406] evm: HMAC attrs: 0x1
[    1.955541]   Magic number: 1:823:374
[    1.956430] acpi LNXVIDEO:00: hash matches
[    1.975509] rtc_cmos rtc_cmos: setting system clock to 2017-09-27 09:23:15 UTC (1506504195)
[    1.977495] BIOS EDD facility v0.16 2004-Jun-25, 0 devices found
[    1.981948] EDD information not available.
[    1.984799] Freeing unused kernel memory: 1488K (ffffffff81f44000 - ffffffff820b8000)
[    1.994466] Write protecting the kernel read-only data: 14336k
[    1.996269] Freeing unused kernel memory: 1792K (ffff880001840000 - ffff880001a00000)
[    2.010580] Freeing unused kernel memory: 136K (ffff880001dde000 - ffff880001e00000)
Loading, please [    2.025650] random: udevadm: uninitialized urandom read (16 bytes read, 2 bits of entropy available)
wait...
startin[    2.034253] random: systemd-udevd: uninitialized urandom read (16 bytes read, 2 bits of entropy available)
g version 229
[    2.053241] random: udevadm: uninitialized urandom read (16 bytes read, 2 bits of entropy available)
[    2.056735] random: udevadm: uninitialized urandom read (16 bytes read, 2 bits of entropy available)
[    2.090691] random: systemd-udevd: uninitialized urandom read (16 bytes read, 2 bits of entropy available)
[    2.095330] random: systemd-udevd: uninitialized urandom read (16 bytes read, 2 bits of entropy available)
[    2.097950] random: systemd-udevd: uninitialized urandom read (16 bytes read, 2 bits of entropy available)
[    2.135112] random: udevadm: uninitialized urandom read (16 bytes read, 2 bits of entropy available)
[    2.137526] random: udevadm: uninitialized urandom read (16 bytes read, 2 bits of entropy available)
[    2.151833] random: udevadm: uninitialized urandom read (16 bytes read, 2 bits of entropy available)
[    2.229795] e1000: Intel(R) PRO/1000 Network Driver - version 7.3.21-k8-NAPI
[    2.257439] e1000: Copyright (c) 1999-2006 Intel Corporation.
[    2.266702] Fusion MPT base driver 3.04.20
[    2.281776] Copyright (c) 1999-2008 LSI Corporation
[    2.335914] AVX version of gcm_enc/dec engaged.
[    2.349761] AES CTR mode by8 optimization enabled
[    2.371643] Fusion MPT SPI Host driver 3.04.20
[    2.404809] tsc: Refined TSC clocksource calibration: 2706.439 MHz
[    2.415839] clocksource: tsc: mask: 0xffffffffffffffff max_cycles: 0x2703010d98a, max_idle_ns: 440795202126 ns
[    2.498087] input: ImExPS/2 Generic Explorer Mouse as /devices/platform/i8042/serio1/input/input4
[    2.512778] mptbase: ioc0: Initiating bringup
[    2.596382] ioc0: LSI53C1030 A0: Capabilities={Initiator}
[    2.789178] scsi host2: ioc0: LSI53C1030 A0, FwRev=00000000h, Ports=1, MaxQ=256, IRQ=20
[    2.917780] scsi 2:0:0:0: Direct-Access     VBOX     HARDDISK         1.0  PQ: 0 ANSI: 5
[    2.941932] scsi target2:0:0: Beginning Domain Validation
[    2.943857] scsi target2:0:0: Domain Validation skipping write tests
[    2.945133] scsi target2:0:0: Ending Domain Validation
[    2.951777] scsi target2:0:0: asynchronous
[    2.986654] scsi 2:0:1:0: Direct-Access     VBOX     HARDDISK         1.0  PQ: 0 ANSI: 5
[    3.019585] scsi target2:0:1: Beginning Domain Validation
[    3.102965] scsi target2:0:1: Domain Validation skipping write tests
[    3.115973] scsi target2:0:1: Ending Domain Validation
[    3.138678] scsi target2:0:1: asynchronous
[    3.286208] sd 2:0:0:0: Attached scsi generic sg0 type 0
[    3.296669] sd 2:0:0:0: [sda] 20971520 512-byte logical blocks: (10.7 GB/10.0 GiB)
[    3.316869] sd 2:0:0:0: [sda] Write Protect is off
[    3.326265] sd 2:0:1:0: [sdb] 20480 512-byte logical blocks: (10.5 MB/10.0 MiB)
[    3.328347] sd 2:0:1:0: [sdb] Write Protect is off
[    3.335578] sd 2:0:1:0: Attached scsi generic sg1 type 0
[    3.346543] sd 2:0:1:0: [sdb] Incomplete mode parameter data
[    3.373970] sd 2:0:1:0: [sdb] Assuming drive cache: write through
[    3.389685] sd 2:0:0:0: [sda] Incomplete mode parameter data
[    3.397930] sd 2:0:0:0: [sda] Assuming drive cache: write through
[    3.429963]  sda: sda1
[    3.444910] sd 2:0:0:0: [sda] Attached SCSI disk
[    3.450118] sd 2:0:1:0: [sdb] Attached SCSI disk
[    3.478075] e1000 0000:00:03.0 eth0: (PCI:33MHz:32-bit) 02:f2:f2:0c:4e:d5
[    3.494147] e1000 0000:00:03.0 eth0: Intel(R) PRO/1000 Network Connection
[    3.886280] e1000 0000:00:08.0 eth1: (PCI:33MHz:32-bit) 08:00:27:38:5d:45
[    3.901981] e1000 0000:00:08.0 eth1: Intel(R) PRO/1000 Network Connection
[    3.904767] e1000 0000:00:03.0 enp0s3: renamed from eth0
[    3.917243] e1000 0000:00:08.0 enp0s8: renamed from eth1
[    5.332102] floppy0: no floppy controllers found
Begin: Loading essential drivers ... done.
Begin: Running /scripts/init-premount ... done.
Begin: Mounting root file system ... Begin: Running /scripts/local-top ... done.
Begin: Running /scripts/local-premount ... [    6.828804] raid6: sse2x1   gen()  8483 MB/s
[    6.934763] raid6: sse2x1   xor()  7733 MB/s
[    7.020826] raid6: sse2x2   gen() 11418 MB/s
[    7.114776] raid6: sse2x2   xor()  8599 MB/s
[    7.204779] raid6: sse2x4   gen() 12769 MB/s
[    7.294771] raid6: sse2x4   xor()  9848 MB/s
[    7.309643] raid6: using algorithm sse2x4 gen() 12769 MB/s
[    7.310710] raid6: .... xor() 9848 MB/s, rmw enabled
[    7.311628] raid6: using ssse3x2 recovery algorithm
[    7.314615] xor: automatically using best checksumming function:
[    7.404810]    avx       : 56000.000 MB/sec
[    7.439579] Btrfs loaded
Scanning for Btrfs filesystems
done.
Warning: fsck not present, so skipping root file system
[    7.520617] EXT4-fs (sda1): mounted filesystem with ordered data mode. Opts: (null)
done.
Begin: Running /scripts/local-bottom ... done.
Begin: Running /scripts/init-bottom ... done.
[    8.109999] systemd[1]: systemd 229 running in system mode. (+PAM +AUDIT +SELINUX +IMA +APPARMOR +SMACK +SYSVINIT +UTMP +LIBCRYPTSETUP +GCRYPT +GNUTLS +ACL +XZ -LZ4 +SECCOMP +BLKID +ELFUTILS +KMOD -IDN)
[    8.144009] systemd[1]: Detected virtualization oracle.
[    8.149955] systemd[1]: Detected architecture x86-64.

Welcome to [1mUbuntu 16.04.3 LTS[0m!

[    8.182332] systemd[1]: Set hostname to <app01>.
[    8.787858] random: nonblocking pool is initialized
[    9.029543] systemd[1]: Reached target Swap.
[[0;32m  OK  [0m] Reached target Swap.
[    9.043511] systemd[1]: Listening on Journal Socket (/dev/log).
[[0;32m  OK  [0m] Listening on Journal Socket (/dev/log).
[    9.046903] systemd[1]: Created slice System Slice.
[[0;32m  OK  [0m] Created slice System Slice.
[    9.050522] systemd[1]: Started Forward Password Requests to Wall Directory Watch.
[[0;32m  OK  [0m] Started Forward Password Requests to Wall Directory Watch.
[    9.068782] systemd[1]: Listening on Device-mapper event daemon FIFOs.
[[0;32m  OK  [0m] Listening on Device-mapper event daemon FIFOs.
[    9.094685] systemd[1]: Reached target Encrypted Volumes.
[[0;32m  OK  [0m] Reached target Encrypted Volumes.
[    9.128411] systemd[1]: Listening on LVM2 poll daemon socket.
[[0;32m  OK  [0m] Listening on LVM2 poll daemon socket.
[    9.138515] systemd[1]: Listening on /dev/initctl Compatibility Named Pipe.
[[0;32m  OK  [0m] Listening on /dev/initctl Compatibility Named Pipe.
[    9.145402] systemd[1]: Listening on Journal Audit Socket.
[[0;32m  OK  [0m] Listening on Journal Audit Socket.
[    9.158571] systemd[1]: Listening on udev Kernel Socket.
[[0;32m  OK  [0m] Listening on udev Kernel Socket.
[    9.162099] systemd[1]: Listening on Syslog Socket.
[[0;32m  OK  [0m] Listening on Syslog Socket.
[    9.164894] systemd[1]: Created slice User and Session Slice.
[[0;32m  OK  [0m] Created slice User and Session Slice.
[    9.171418] systemd[1]: Reached target Slices.
[[0;32m  OK  [0m] Reached target Slices.
[    9.174090] systemd[1]: Created slice system-serial\x2dgetty.slice.
[[0;32m  OK  [0m] Created slice system-serial\x2dgetty.slice.
[    9.177054] systemd[1]: Set up automount Arbitrary Executable File Formats File System Automount Point.
[[0;32m  OK  [0m] Set up automount Arbitrary Executab...ats File System Automount Point.
[    9.198316] systemd[1]: Listening on udev Control Socket.
[[0;32m  OK  [0m] Listening on udev Control Socket.
[    9.210953] systemd[1]: Listening on Journal Socket.
[[0;32m  OK  [0m] Listening on Journal Socket.
[    9.228861] systemd[1]: Starting Uncomplicated firewall...
         Starting Uncomplicated firewall...
[    9.245127] systemd[1]: Starting Nameserver information manager...
         Starting Nameserver information manager...
[    9.255296] systemd[1]: Mounting Debug File System...
         Mounting Debug File System...
[    9.261978] systemd[1]: Starting Set console keymap...
         Starting Set console keymap...
[    9.309580] systemd[1]: Starting Load Kernel Modules...
         Starting Load Kernel Modules...
[    9.327727] systemd[1]: Starting Create list of required static device nodes for the current kernel...
         Starting Create list of required st... nodes for the current kernel...
[    9.361767] systemd[1]: Starting Journal Service...
         Starting Journal Service...
[    9.416285] systemd[1]: Starting Remount Root and Kernel File Systems...
         Starting Remount Root and Kernel File Systems...
[    9.457845] systemd[1]: Mounting Huge Pages File System...
         Mounting Huge Pages File System...
[    9.478545] systemd[1]: Started Trigger resolvconf update for networkd DNS.
[[0;32m  OK  [0m] Started Trigger resolvconf update for networkd DNS.
[    9.481897] systemd[1]: Listening on LVM2 metadata daemon socket.
[[0;32m  OK  [0m] Listening on LVM2 metadata daemon socket.
[    9.495778] systemd[1]: Starting Monitoring of LVM2 mirrors, snapshots etc. using dmeventd or progress polling...
         [    9.510342] EXT4-fs (sda1): re-mounted. Opts: (null)
Starting Monitoring of LVM2 mirrors... dmeventd or progress polling...
[    9.519024] systemd[1]: Reached target User and Group Name Lookups.
[    9.553456] Loading iSCSI transport class v2.0-870.
[[0;32m  OK  [0m] Reached target User and Group Name Lookups.
[    9.569453] systemd[1]: Mounting POSIX Message Queue File System...
         Mounting POSIX Message Queue File System...
[    9.645702] systemd[1]: Mounted POSIX Message Queue File System.
[[0;32m  OK  [0m] Mounted POSIX Message Queue File System.
[    9.668372] systemd[1]: Mounted Huge Pages File System.
[[0;32m  OK  [0[    9.680694] iscsi: registered transport (tcp)
m] Mounted Huge Pages File System.
[    9.722748] systemd[1]: Mounted Debug File System.
[[0;32m  OK  [0m] Mounted Debug File System.
[    9.734414] systemd[1]: Started Uncomplicated firewall.
[[0;32m  OK  [0m] Started Uncomplicated firewall.
[    9.741342] systemd[1]: Started Set console keymap.
[[0;32m  OK  [0m] Started Set console keymap.
[    9.758047] systemd[1]: Started Create list of required static device nodes for the current kernel.
[[0;32m  OK  [0m] Started Create list of required sta...ce nodes for the current kernel.
[    9.795511] systemd[1]: Started Remount Root and Kernel File Systems.
[[0;32m  OK  [0m] Started Remount Root and Kernel File Systems.
[    9.800649] systemd[1]: Started Nameserver information manager.
[[0;32m  OK  [0m] Started Nameserver information manager.
[    9.821519] systemd[1]: Started Journal Service.
[[0;32m  OK  [0m] Started Journal Service.
[    9.882984] iscsi: registered transport (iser)
[[0;32m  OK  [0m] Started Load Kernel Modules.
         Mounting FUSE Control File System...
         Starting Apply Kernel Variables...
[[0;32m  OK  [0m] Started LVM2 metadata daemon.
         Starting Load/Save Random Seed...
         Starting Flush Journal to Persistent Storage...
         Starting udev Coldplug all Devices...
         Starting Initial cloud-init job (pre-networking)...
         Starting Create Static Device Nodes in /dev...
[[0;32m  OK  [0m] Mounted FUSE Control File System.
[[0;32m  OK  [0m] Started Load/Save Random Seed.
[[0;32m  OK  [0m] Started Apply Kernel Variables.
[[0;32m  OK  [0m] Started Flush Journal to Persistent Storage.
[[0;32m  OK  [0m] Started udev Coldplug all Devices.
[[0;32m  OK  [0m] Started Monitoring of LVM2 mirrors,...ng dmeventd or progress polling.
[[0;32m  OK  [0m] Started Create Static Device Nodes in /dev.
         Starting udev Kernel Device Manager...
[[0;32m  OK  [0m] Started udev Kernel Device Manager.
[[0;32m  OK  [0m] Reached target Local File Systems (Pre).
[[0;32m  OK  [0m] Reached target Local File Systems.
         Starting Tell Plymouth To Write Out Runtime Data...
         Starting LSB: AppArmor initialization...
         Starting Set console font and keymap...
         Starting Create Volatile Files and Directories...
[[0;32m  OK  [0m] Started Dispatch Password Requests to Console Directory Watch.
[[0;32m  OK  [0m] Started Tell Plymouth To Write Out Runtime Data.
[[0;32m  OK  [0m] Started Create Volatile Files and Directories.
[[0;32m  OK  [0m] Reached target System Time Synchronized.
         Starting Update UTMP about System Boot/Shutdown...
[[0;32m  OK  [0m] Started Update UTMP about System Boot/Shutdown.
[[0;32m  OK  [0m] Found device /dev/ttyS0.
[[0;32m  OK  [0m] Found device 82540EM Gigabit Ethern...r (PRO/1000 MT Desktop Adapter).
[[0;32m  OK  [0m] Found device 82540EM Gigabit Ethern...r (PRO/1000 MT Desktop Adapter).
[[0;32m  OK  [0m] Listening on Load/Save RF Kill Switch Status /dev/rfkill Watch.
[[0;32m  OK  [0m] Started LSB: AppArmor initialization.
[[0;32m  OK  [0m] Started Set console font and keymap.
[[0;32m  OK  [0m] Created slice system-getty.slice.
[   14.242900] cloud-init[444]: Cloud-init v. 0.7.8 running 'init-local' at Wed, 27 Sep 2017 09:23:27 +0000. Up 13.45 seconds.
[[0;32m  OK  [0m] Started Initial cloud-init job (pre-networking).
[[0;32m  OK  [0m] Reached target Network (Pre).
[[0;32m  OK  [0m] Started ifup for enp0s8.
[[0;32m  OK  [0m] Started ifup for enp0s3.
         Starting Raise network interfaces...
[[0;32m  OK  [0m] Started Raise network interfaces.
         Starting Initial cloud-init job (metadata service crawler)...
[[0;32m  OK  [0m] Reached target Network.
[   15.775682] cloud-init[1018]: Cloud-init v. 0.7.8 running 'init' at Wed, 27 Sep 2017 09:23:29 +0000. Up 15.10 seconds.
[   15.800503] cloud-init[1018]: ci-info: ++++++++++++++++++++++++++++++++++++++Net device info++++++++++++++++++++++++++++++++++++++
[   15.810678] cloud-init[1018]: ci-info: +--------+------+-----------------------------+---------------+-------+-------------------+
[   15.814755] cloud-init[1018]: ci-info: | Device |  Up  |           Address           |      Mask     | Scope |     Hw-Address    |
[   15.826654] cloud-init[1018]: ci-info: +--------+------+-----------------------------+---------------+-------+-------------------+
[   15.830543] cloud-init[1018]: ci-info: |   lo   | True |          127.0.0.1          |   255.0.0.0   |   .   |         .         |
[   15.840587] cloud-init[1018]: ci-info: |   lo   | True |           ::1/128           |       .       |  host |         .         |
[   15.858260] cloud-init[1018]: ci-info: | enp0s3 | True |          10.0.2.15          | 255.255.255.0 |   .   | 02:f2:f2:0c:4e:d5 |
[   15.865964] cloud-init[1018]: ci-info: | enp0s3 | True |  fe80::f2:f2ff:fe0c:4ed5/64 |       .       |  link | 02:f2:f2:0c:4e:d5 |
[   15.877039] cloud-init[1018]: ci-info: | enp0s8 | True |         172.20.20.20        | 255.255.255.0 |   .   | 08:00:27:38:5d:45 |
[   15.886694] cloud-init[1018]: ci-info: | enp0s8 | True | fe80::a00:27ff:fe38:5d45/64 |       .       |  link | 08:00:27:38:5d:45 |
[   15.896416] cloud-init[1018]: ci-info: +--------+------+-----------------------------+---------------+-------+-------------------+
[[0;32m  OK  [0m] Started Initial cloud-init job (metadata service crawler).[   15.904389] cloud-init[1018]: ci-info: +++++++++++++++++++++++++++Route IPv4 info++++++++++++++++++++++++++++
[   15.905184] cloud-init[1018]: ci-info: +-------+-------------+----------+---------------+-----------+-------+
[   15.905311] cloud-init[1018]: ci-info: | Route | Destination | Gateway  |    Genmask    | Interface | Flags |
[   15.905439] cloud-init[1018]: ci-info: +-------+-------------+----------+---------------+-----------+-------+
[   15.905572] cloud-init[1018]: ci-info: |   0   |   0.0.0.0   | 10.0.2.2 |    0.0.0.0    |   enp0s3  |   UG  |
[   15.905692] cloud-init[1018]: ci-info: |   1   |   10.0.2.0  | 0.0.0.0  | 255.255.255.0 |   enp0s3  |   U   |
[   15.905809] cloud-init[1018]: ci-info: |   2   | 172.20.20.0 | 0.0.0.0  | 255.255.255.0 |   enp0s8  |   U   |
[   15.905927] cloud-init[1018]: ci-info: +-------+-------------+----------+---------------+-----------+-------+

[[0;32m  OK  [0m] Reached target Cloud-config availability.
[[0;32m  OK  [0m] Reached target Network is Online.
         Starting iSCSI initiator daemon (iscsid)...
[[0;32m  OK  [0m] Reached target System Initialization.
[[0;32m  OK  [0m] Listening on D-Bus System Message Bus Socket.
[[0;32m  OK  [0m] Started Daily apt download activities.
[[0;32m  OK  [0m] Started Daily apt upgrade and clean activities.
[[0;32m  OK  [0m] Listening on UUID daemon activation socket.
[[0;32m  OK  [0m] Listening on ACPID Listen Socket.
[[0;32m  OK  [0m] Started Daily Cleanup of Temporary Directories.
[[0;32m  OK  [0m] Reached target Timers.
[[0;32m  OK  [0m] Reached target Sockets.
[[0;32m  OK  [0m] Started ACPI Events Check.
[[0;32m  OK  [0m] Reached target Paths.
[[0;32m  OK  [0m] Reached target Basic System.
         Starting Accounts Service...
[[0;32m  OK  [0m] Started Regular background program processing daemon.
         Starting Apply the settings specified in cloud-config...
[[0;32m  OK  [0m] Started Deferred execution scheduler.
         Starting Login Service...
         Starting /etc/rc.local Compatibility...
[[0;32m  OK  [0m] Started D-Bus System Message Bus.
         Starting LSB: Record successful boot for GRUB...
[[0;32m  OK  [0m] Started ACPI event daemon.
[[0;32m  OK  [0m] Started FUSE filesystem for LXC.
         Starting OpenBSD Secure Shell server...
         Starting System Logging Service...
[[0;32m  OK  [0m] Started /etc/rc.local Compatibility.
[[0;32m  OK  [0m] Started iSCSI initiator daemon (iscsid).
[[0;32m  OK  [0m] Started Login Service.
         Starting Authenticate and Authorize Users to Run Privileged Tasks...
         Starting Login to default iSCSI targets...
[[0;32m  OK  [0m] Started LSB: Record successful boot for GRUB.
[[0;32m  OK  [0m] Started System Logging Service.
[[0;32m  OK  [0m] Started Login to default iSCSI targets.
[[0;32m  OK  [0m] Reached target Remote File Systems (Pre).
[[0;32m  OK  [0m] Reached target Remote File Systems.
         Starting LSB: VirtualBox Linux Additions...
         Starting LSB: daemon to balance interrupts for SMP systems...
         Starting LSB: automatic crash report generation...
         Starting LSB: Set the CPU Frequency Scaling governor to "ondemand"...
         Starting Permit User Sessions...
[[0;32m  OK  [0m] Started Authenticate and Authorize Users to Run Privileged Tasks.
[[0;32m  OK  [0m] Started Accounts Service.
[[0;32m  OK  [0m] Started Permit User Sessions.
[[0;32m  OK  [0m] Started OpenBSD Secure Shell server.
         Starting Hold until boot process finishes up...
         Starting Terminate Plymouth Boot Screen...
[[0;32m  OK  [0m] Started Hold until boot process finishes up.
[[0;32m  OK  [0m] Started Terminate Plymouth Boot Screen.
[[0;32m  OK  [0m] Started Serial Getty on ttyS0.
         Starting Set console scheme...
[[0;32m  OK  [0m] Started Getty on tty1.
[[0;32m  OK  [0m] Reached target Login Prompts.
[[0;32m  OK  [0m] Started LSB: Set the CPU Frequency Scaling governor to "ondemand".
[[0;32m  OK  [0m] Started Set console scheme.
[[0;32m  OK  [0m] Started LSB: daemon to balance interrupts for SMP systems.
[[0;32m  OK  [0m] Started LSB: automatic crash report generation.
[[0;32m  OK  [0m] Started LSB: VirtualBox Linux Additions.
[[0;32m  OK  [0m] Reached target Multi-User System.
[[0;32m  OK  [0m] Reached target Graphical Interface.
         Starting Update UTMP about System Runlevel Changes...
[[0;32m  OK  [0m] Started Update UTMP about System Runlevel Changes.
[   17.292578] cloud-init[1069]: Cloud-init v. 0.7.8 running 'modules:config' at Wed, 27 Sep 2017 09:23:31 +0000. Up 17.01 seconds.
[[0;32m  OK  [0m] Started Apply the settings specified in cloud-config.
         Starting Execute cloud user/final scripts...
[   17.898413] cloud-init[1235]: Cloud-init v. 0.7.8 running 'modules:final' at Wed, 27 Sep 2017 09:23:31 +0000. Up 17.65 seconds.
[   17.913524] cloud-init[1235]: Cloud-init v. 0.7.8 finished at Wed, 27 Sep 2017 09:23:32 +0000. Datasource DataSourceNoCloud [seed=/dev/sdb][dsmode=net].  Up 17.88 seconds
[[0;32m  OK  [0m] Started Execute cloud user/final scripts.
[[0;32m  OK  [0m] Reached target Cloud-init target.

Ubuntu 16.04.3 LTS app01 ttyS0

app01 login: [   52.028167] Out of memory: Kill process 1610 (apt-get) score 150 or sacrifice child
[   52.030029] Killed process 1630 (dpkg) total-vm:44428kB, anon-rss:20980kB, file-rss:2404kB
[  118.929184] Out of memory: Kill process 1759 (apt-get) score 199 or sacrifice child
[  118.942849] Killed process 1784 (dpkg) total-vm:41588kB, anon-rss:18164kB, file-rss:2804kB
